# JRE version: Java(TM) SE Runtime Environment (8.0_202-b08) (build 1.8.0_202-b08)
# Java VM: Java HotSpot(TM) 64-Bit Server VM (25.202-b08 mixed mode bsd-amd64 compressed oops)
Heap:
 PSYoungGen      total 305664K, used 224304K [0x000000076ab00000, 0x0000000783100000, 0x00000007c0000000)
  eden space 282624K, 79% used [0x000000076ab00000,0x00000007785cc220,0x000000077bf00000)
  from space 23040K, 1% used [0x000000077bf00000,0x000000077bf40000,0x000000077d580000)
  to   space 23040K, 0% used [0x0000000781a80000,0x0000000781a80000,0x0000000783100000)
 ParOldGen       total 114176K, used 25769K [0x00000006c0000000, 0x00000006c6f80000, 0x000000076ab00000)
  object space 114176K, 22% used [0x00000006c0000000,0x00000006c192a628,0x00000006c6f80000)
 Metaspace       used 21639K, capacity 21963K, committed 22272K, reserved 1069056K
  class space    used 2131K, capacity 2222K, committed 2304K, reserved 1048576K
GC Heap History (10 events):
Event: 11.164 GC heap before
{Heap before GC invocations=6 (full 1):
 PSYoungGen      total 117248K, used 117024K [0x000000076ab00000, 0x0000000773900000, 0x00000007c0000000)
  eden space 113664K, 100% used [0x000000076ab00000,0x0000000771a00000,0x0000000771a00000)
  from space 3584K, 93% used [0x0000000773580000,0x00000007738c80c0,0x0000000773900000)
  to   space 10752K, 0% used [0x0000000772400000,0x0000000772400000,0x0000000772e80000)
 ParOldGen       total 114176K, used 22529K [0x00000006c0000000, 0x00000006c6f80000, 0x000000076ab00000)
  object space 114176K, 19% used [0x00000006c0000000,0x00000006c1600568,0x00000006c6f80000)
 Metaspace       used 21182K, capacity 21569K, committed 21760K, reserved 1069056K
  class space    used 2120K, capacity 2219K, committed 2304K, reserved 1048576K
Event: 11.166 GC heap after
Heap after GC invocations=6 (full 1):
 PSYoungGen      total 134656K, used 3296K [0x000000076ab00000, 0x0000000779500000, 0x00000007c0000000)
  eden space 123904K, 0% used [0x000000076ab00000,0x000000076ab00000,0x0000000772400000)
  from space 10752K, 30% used [0x0000000772400000,0x00000007727380c0,0x0000000772e80000)
  to   space 24576K, 0% used [0x0000000777d00000,0x0000000777d00000,0x0000000779500000)
 ParOldGen       total 114176K, used 22529K [0x00000006c0000000, 0x00000006c6f80000, 0x000000076ab00000)
  object space 114176K, 19% used [0x00000006c0000000,0x00000006c1600568,0x00000006c6f80000)
 Metaspace       used 21182K, capacity 21569K, committed 21760K, reserved 1069056K
  class space    used 2120K, capacity 2219K, committed 2304K, reserved 1048576K
}
Event: 14.411 GC heap before
{Heap before GC invocations=7 (full 1):
 PSYoungGen      total 134656K, used 127200K [0x000000076ab00000, 0x0000000779500000, 0x00000007c0000000)
  eden space 123904K, 100% used [0x000000076ab00000,0x0000000772400000,0x0000000772400000)
  from space 10752K, 30% used [0x0000000772400000,0x00000007727380c0,0x0000000772e80000)
  to   space 24576K, 0% used [0x0000000777d00000,0x0000000777d00000,0x0000000779500000)
 ParOldGen       total 114176K, used 22529K [0x00000006c0000000, 0x00000006c6f80000, 0x000000076ab00000)
  object space 114176K, 19% used [0x00000006c0000000,0x00000006c1600568,0x00000006c6f80000)
 Metaspace       used 21272K, capacity 21633K, committed 21760K, reserved 1069056K
  class space    used 2120K, capacity 2219K, committed 2304K, reserved 1048576K
Event: 14.413 GC heap after
Heap after GC invocations=7 (full 1):
 PSYoungGen      total 215552K, used 3328K [0x000000076ab00000, 0x0000000779d00000, 0x00000007c0000000)
  eden space 190976K, 0% used [0x000000076ab00000,0x000000076ab00000,0x0000000776580000)
  from space 24576K, 13% used [0x0000000777d00000,0x00000007780400c0,0x0000000779500000)
  to   space 24064K, 0% used [0x0000000776580000,0x0000000776580000,0x0000000777d00000)
 ParOldGen       total 114176K, used 22537K [0x00000006c0000000, 0x00000006c6f80000, 0x000000076ab00000)
  object space 114176K, 19% used [0x00000006c0000000,0x00000006c1602568,0x00000006c6f80000)
 Metaspace       used 21272K, capacity 21633K, committed 21760K, reserved 1069056K
  class space    used 2120K, capacity 2219K, committed 2304K, reserved 1048576K
}
Event: 19.449 GC heap before
{Heap before GC invocations=8 (full 1):
 PSYoungGen      total 215552K, used 194304K [0x000000076ab00000, 0x0000000779d00000, 0x00000007c0000000)
  eden space 190976K, 100% used [0x000000076ab00000,0x0000000776580000,0x0000000776580000)
  from space 24576K, 13% used [0x0000000777d00000,0x00000007780400c0,0x0000000779500000)
  to   space 24064K, 0% used [0x0000000776580000,0x0000000776580000,0x0000000777d00000)
 ParOldGen       total 114176K, used 22537K [0x00000006c0000000, 0x00000006c6f80000, 0x000000076ab00000)
  object space 114176K, 19% used [0x00000006c0000000,0x00000006c1602568,0x00000006c6f80000)
 Metaspace       used 21384K, capacity 21761K, committed 22016K, reserved 1069056K
  class space    used 2120K, capacity 2219K, committed 2304K, reserved 1048576K
Event: 19.451 GC heap after
Heap after GC invocations=8 (full 1):
 PSYoungGen      total 215040K, used 3328K [0x000000076ab00000, 0x000000077f980000, 0x00000007c0000000)
  eden space 190976K, 0% used [0x000000076ab00000,0x000000076ab00000,0x0000000776580000)
  from space 24064K, 13% used [0x0000000776580000,0x00000007768c00c0,0x0000000777d00000)
  to   space 23552K, 0% used [0x000000077e280000,0x000000077e280000,0x000000077f980000)
 ParOldGen       total 114176K, used 22545K [0x00000006c0000000, 0x00000006c6f80000, 0x000000076ab00000)
  object space 114176K, 19% used [0x00000006c0000000,0x00000006c1604568,0x00000006c6f80000)
 Metaspace       used 21384K, capacity 21761K, committed 22016K, reserved 1069056K
  class space    used 2120K, capacity 2219K, committed 2304K, reserved 1048576K
}
Event: 24.070 GC heap before
{Heap before GC invocations=9 (full 1):
 PSYoungGen      total 215040K, used 194304K [0x000000076ab00000, 0x000000077f980000, 0x00000007c0000000)
  eden space 190976K, 100% used [0x000000076ab00000,0x0000000776580000,0x0000000776580000)
  from space 24064K, 13% used [0x0000000776580000,0x00000007768c00c0,0x0000000777d00000)
  to   space 23552K, 0% used [0x000000077e280000,0x000000077e280000,0x000000077f980000)
 ParOldGen       total 114176K, used 22545K [0x00000006c0000000, 0x00000006c6f80000, 0x000000076ab00000)
  object space 114176K, 19% used [0x00000006c0000000,0x00000006c1604568,0x00000006c6f80000)
 Metaspace       used 21456K, capacity 21767K, committed 22016K, reserved 1069056K
  class space    used 2121K, capacity 2220K, committed 2304K, reserved 1048576K
Event: 24.073 GC heap after
Heap after GC invocations=9 (full 1):
 PSYoungGen      total 292352K, used 224K [0x000000076ab00000, 0x000000077ec00000, 0x00000007c0000000)
  eden space 282624K, 0% used [0x000000076ab00000,0x000000076ab00000,0x000000077bf00000)
  from space 9728K, 2% used [0x000000077e280000,0x000000077e2b8000,0x000000077ec00000)
  to   space 23040K, 0% used [0x000000077bf00000,0x000000077bf00000,0x000000077d580000)
 ParOldGen       total 114176K, used 25697K [0x00000006c0000000, 0x00000006c6f80000, 0x000000076ab00000)
  object space 114176K, 22% used [0x00000006c0000000,0x00000006c1918628,0x00000006c6f80000)
 Metaspace       used 21456K, capacity 21767K, committed 22016K, reserved 1069056K
  class space    used 2121K, capacity 2220K, committed 2304K, reserved 1048576K
}
Event: 30.603 GC heap before
{Heap before GC invocations=10 (full 1):
 PSYoungGen      total 292352K, used 282848K [0x000000076ab00000, 0x000000077ec00000, 0x00000007c0000000)
  eden space 282624K, 100% used [0x000000076ab00000,0x000000077bf00000,0x000000077bf00000)
  from space 9728K, 2% used [0x000000077e280000,0x000000077e2b8000,0x000000077ec00000)
  to   space 23040K, 0% used [0x000000077bf00000,0x000000077bf00000,0x000000077d580000)
 ParOldGen       total 114176K, used 25697K [0x00000006c0000000, 0x00000006c6f80000, 0x000000076ab00000)
  object space 114176K, 22% used [0x00000006c0000000,0x00000006c1918628,0x00000006c6f80000)
 Metaspace       used 21561K, capacity 21895K, committed 22016K, reserved 1069056K
  class space    used 2121K, capacity 2220K, committed 2304K, reserved 1048576K
Event: 30.606 GC heap after
Heap after GC invocations=10 (full 1):
 PSYoungGen      total 305664K, used 256K [0x000000076ab00000, 0x0000000783100000, 0x00000007c0000000)
  eden space 282624K, 0% used [0x000000076ab00000,0x000000076ab00000,0x000000077bf00000)
  from space 23040K, 1% used [0x000000077bf00000,0x000000077bf40000,0x000000077d580000)
  to   space 23040K, 0% used [0x0000000781a80000,0x0000000781a80000,0x0000000783100000)
 ParOldGen       total 114176K, used 25769K [0x00000006c0000000, 0x00000006c6f80000, 0x000000076ab00000)
  object space 114176K, 22% used [0x00000006c0000000,0x00000006c192a628,0x00000006c6f80000)
 Metaspace       used 21561K, capacity 21895K, committed 22016K, reserved 1069056K
  class space    used 2121K, capacity 2220K, committed 2304K, reserved 1048576K
}

