# JRE version: Java(TM) SE Runtime Environment (8.0_202-b08) (build 1.8.0_202-b08)
# Java VM: Java HotSpot(TM) 64-Bit Server VM (25.202-b08 mixed mode bsd-amd64 compressed oops)
Heap:
 PSYoungGen      total 638464K, used 412822K [0x000000076ab00000, 0x0000000799900000, 0x00000007c0000000)
  eden space 604672K, 68% used [0x000000076ab00000,0x0000000783df58b8,0x000000078f980000)
  from space 33792K, 0% used [0x0000000795700000,0x0000000795730000,0x0000000797800000)
  to   space 32256K, 0% used [0x0000000797980000,0x0000000797980000,0x0000000799900000)
 ParOldGen       total 175104K, used 64560K [0x00000006c0000000, 0x00000006cab00000, 0x000000076ab00000)
  object space 175104K, 36% used [0x00000006c0000000,0x00000006c3f0c380,0x00000006cab00000)
 Metaspace       used 19782K, capacity 20163K, committed 20352K, reserved 1067008K
  class space    used 1934K, capacity 2056K, committed 2176K, reserved 1048576K
GC Heap History (10 events):
Event: 46.639 GC heap before
{Heap before GC invocations=13 (full 0):
 PSYoungGen      total 763904K, used 763040K [0x000000076ab00000, 0x000000079e000000, 0x00000007c0000000)
  eden space 762880K, 100% used [0x000000076ab00000,0x0000000799400000,0x0000000799400000)
  from space 1024K, 15% used [0x000000079df00000,0x000000079df28000,0x000000079e000000)
  to   space 38912K, 0% used [0x0000000799400000,0x0000000799400000,0x000000079ba00000)
 ParOldGen       total 175104K, used 64504K [0x00000006c0000000, 0x00000006cab00000, 0x000000076ab00000)
  object space 175104K, 36% used [0x00000006c0000000,0x00000006c3efe380,0x00000006cab00000)
 Metaspace       used 19623K, capacity 19971K, committed 20352K, reserved 1067008K
  class space    used 1928K, capacity 2056K, committed 2176K, reserved 1048576K
Event: 46.640 GC heap after
Heap after GC invocations=13 (full 0):
 PSYoungGen      total 766976K, used 64K [0x000000076ab00000, 0x000000079df80000, 0x00000007c0000000)
  eden space 728064K, 0% used [0x000000076ab00000,0x000000076ab00000,0x0000000797200000)
  from space 38912K, 0% used [0x0000000799400000,0x0000000799410000,0x000000079ba00000)
  to   space 37888K, 0% used [0x000000079ba80000,0x000000079ba80000,0x000000079df80000)
 ParOldGen       total 175104K, used 64512K [0x00000006c0000000, 0x00000006cab00000, 0x000000076ab00000)
  object space 175104K, 36% used [0x00000006c0000000,0x00000006c3f00380,0x00000006cab00000)
 Metaspace       used 19623K, capacity 19971K, committed 20352K, reserved 1067008K
  class space    used 1928K, capacity 2056K, committed 2176K, reserved 1048576K
}
Event: 53.426 GC heap before
{Heap before GC invocations=14 (full 0):
 PSYoungGen      total 766976K, used 728128K [0x000000076ab00000, 0x000000079df80000, 0x00000007c0000000)
  eden space 728064K, 100% used [0x000000076ab00000,0x0000000797200000,0x0000000797200000)
  from space 38912K, 0% used [0x0000000799400000,0x0000000799410000,0x000000079ba00000)
  to   space 37888K, 0% used [0x000000079ba80000,0x000000079ba80000,0x000000079df80000)
 ParOldGen       total 175104K, used 64512K [0x00000006c0000000, 0x00000006cab00000, 0x000000076ab00000)
  object space 175104K, 36% used [0x00000006c0000000,0x00000006c3f00380,0x00000006cab00000)
 Metaspace       used 19628K, capacity 19971K, committed 20352K, reserved 1067008K
  class space    used 1928K, capacity 2056K, committed 2176K, reserved 1048576K
Event: 53.432 GC heap after
Heap after GC invocations=14 (full 0):
 PSYoungGen      total 695296K, used 160K [0x000000076ab00000, 0x000000079bb00000, 0x00000007c0000000)
  eden space 694784K, 0% used [0x000000076ab00000,0x000000076ab00000,0x0000000795180000)
  from space 512K, 31% used [0x000000079ba80000,0x000000079baa8000,0x000000079bb00000)
  to   space 36352K, 0% used [0x0000000797400000,0x0000000797400000,0x0000000799780000)
 ParOldGen       total 175104K, used 64520K [0x00000006c0000000, 0x00000006cab00000, 0x000000076ab00000)
  object space 175104K, 36% used [0x00000006c0000000,0x00000006c3f02380,0x00000006cab00000)
 Metaspace       used 19628K, capacity 19971K, committed 20352K, reserved 1067008K
  class space    used 1928K, capacity 2056K, committed 2176K, reserved 1048576K
}
Event: 59.800 GC heap before
{Heap before GC invocations=15 (full 0):
 PSYoungGen      total 695296K, used 694944K [0x000000076ab00000, 0x000000079bb00000, 0x00000007c0000000)
  eden space 694784K, 100% used [0x000000076ab00000,0x0000000795180000,0x0000000795180000)
  from space 512K, 31% used [0x000000079ba80000,0x000000079baa8000,0x000000079bb00000)
  to   space 36352K, 0% used [0x0000000797400000,0x0000000797400000,0x0000000799780000)
 ParOldGen       total 175104K, used 64520K [0x00000006c0000000, 0x00000006cab00000, 0x000000076ab00000)
  object space 175104K, 36% used [0x00000006c0000000,0x00000006c3f02380,0x00000006cab00000)
 Metaspace       used 19640K, capacity 19971K, committed 20352K, reserved 1067008K
  class space    used 1928K, capacity 2056K, committed 2176K, reserved 1048576K
Event: 59.801 GC heap after
Heap after GC invocations=15 (full 0):
 PSYoungGen      total 699392K, used 96K [0x000000076ab00000, 0x000000079bb00000, 0x00000007c0000000)
  eden space 663040K, 0% used [0x000000076ab00000,0x000000076ab00000,0x0000000793280000)
  from space 36352K, 0% used [0x0000000797400000,0x0000000797418000,0x0000000799780000)
  to   space 35328K, 0% used [0x0000000799880000,0x0000000799880000,0x000000079bb00000)
 ParOldGen       total 175104K, used 64528K [0x00000006c0000000, 0x00000006cab00000, 0x000000076ab00000)
  object space 175104K, 36% used [0x00000006c0000000,0x00000006c3f04380,0x00000006cab00000)
 Metaspace       used 19640K, capacity 19971K, committed 20352K, reserved 1067008K
  class space    used 1928K, capacity 2056K, committed 2176K, reserved 1048576K
}
Event: 65.918 GC heap before
{Heap before GC invocations=16 (full 0):
 PSYoungGen      total 699392K, used 663136K [0x000000076ab00000, 0x000000079bb00000, 0x00000007c0000000)
  eden space 663040K, 100% used [0x000000076ab00000,0x0000000793280000,0x0000000793280000)
  from space 36352K, 0% used [0x0000000797400000,0x0000000797418000,0x0000000799780000)
  to   space 35328K, 0% used [0x0000000799880000,0x0000000799880000,0x000000079bb00000)
 ParOldGen       total 175104K, used 64528K [0x00000006c0000000, 0x00000006cab00000, 0x000000076ab00000)
  object space 175104K, 36% used [0x00000006c0000000,0x00000006c3f04380,0x00000006cab00000)
 Metaspace       used 19644K, capacity 20035K, committed 20352K, reserved 1067008K
  class space    used 1928K, capacity 2056K, committed 2176K, reserved 1048576K
Event: 65.919 GC heap after
Heap after GC invocations=16 (full 0):
 PSYoungGen      total 633856K, used 192K [0x000000076ab00000, 0x0000000799900000, 0x00000007c0000000)
  eden space 633344K, 0% used [0x000000076ab00000,0x000000076ab00000,0x0000000791580000)
  from space 512K, 37% used [0x0000000799880000,0x00000007998b0000,0x0000000799900000)
  to   space 33792K, 0% used [0x0000000795700000,0x0000000795700000,0x0000000797800000)
 ParOldGen       total 175104K, used 64536K [0x00000006c0000000, 0x00000006cab00000, 0x000000076ab00000)
  object space 175104K, 36% used [0x00000006c0000000,0x00000006c3f06380,0x00000006cab00000)
 Metaspace       used 19644K, capacity 20035K, committed 20352K, reserved 1067008K
  class space    used 1928K, capacity 2056K, committed 2176K, reserved 1048576K
}
Event: 71.476 GC heap before
{Heap before GC invocations=17 (full 0):
 PSYoungGen      total 633856K, used 633536K [0x000000076ab00000, 0x0000000799900000, 0x00000007c0000000)
  eden space 633344K, 100% used [0x000000076ab00000,0x0000000791580000,0x0000000791580000)
  from space 512K, 37% used [0x0000000799880000,0x00000007998b0000,0x0000000799900000)
  to   space 33792K, 0% used [0x0000000795700000,0x0000000795700000,0x0000000797800000)
 ParOldGen       total 175104K, used 64536K [0x00000006c0000000, 0x00000006cab00000, 0x000000076ab00000)
  object space 175104K, 36% used [0x00000006c0000000,0x00000006c3f06380,0x00000006cab00000)
 Metaspace       used 19658K, capacity 20035K, committed 20352K, reserved 1067008K
  class space    used 1928K, capacity 2056K, committed 2176K, reserved 1048576K
Event: 71.477 GC heap after
Heap after GC invocations=17 (full 0):
 PSYoungGen      total 638464K, used 192K [0x000000076ab00000, 0x0000000799900000, 0x00000007c0000000)
  eden space 604672K, 0% used [0x000000076ab00000,0x000000076ab00000,0x000000078f980000)
  from space 33792K, 0% used [0x0000000795700000,0x0000000795730000,0x0000000797800000)
  to   space 32256K, 0% used [0x0000000797980000,0x0000000797980000,0x0000000799900000)
 ParOldGen       total 175104K, used 64560K [0x00000006c0000000, 0x00000006cab00000, 0x000000076ab00000)
  object space 175104K, 36% used [0x00000006c0000000,0x00000006c3f0c380,0x00000006cab00000)
 Metaspace       used 19658K, capacity 20035K, committed 20352K, reserved 1067008K
  class space    used 1928K, capacity 2056K, committed 2176K, reserved 1048576K
}

