# JRE version: Java(TM) SE Runtime Environment (8.0_202-b08) (build 1.8.0_202-b08)
# Java VM: Java HotSpot(TM) 64-Bit Server VM (25.202-b08 mixed mode bsd-amd64 compressed oops)
Heap:
 PSYoungGen      total 335360K, used 140997K [0x000000076ab00000, 0x0000000781300000, 0x00000007c0000000)
  eden space 325632K, 42% used [0x000000076ab00000,0x00000007733416e8,0x000000077e900000)
  from space 9728K, 15% used [0x0000000780980000,0x0000000780af0040,0x0000000781300000)
  to   space 21504K, 0% used [0x000000077e900000,0x000000077e900000,0x000000077fe00000)
 ParOldGen       total 108544K, used 24683K [0x00000006c0000000, 0x00000006c6a00000, 0x000000076ab00000)
  object space 108544K, 22% used [0x00000006c0000000,0x00000006c181ae58,0x00000006c6a00000)
 Metaspace       used 21612K, capacity 21991K, committed 22272K, reserved 1069056K
  class space    used 2145K, capacity 2254K, committed 2304K, reserved 1048576K
GC Heap History (10 events):
Event: 10.207 GC heap before
{Heap before GC invocations=5 (full 1):
 PSYoungGen      total 76288K, used 65536K [0x000000076ab00000, 0x0000000774000000, 0x00000007c0000000)
  eden space 65536K, 100% used [0x000000076ab00000,0x000000076eb00000,0x000000076eb00000)
  from space 10752K, 0% used [0x000000076eb00000,0x000000076eb00000,0x000000076f580000)
  to   space 10752K, 0% used [0x0000000773580000,0x0000000773580000,0x0000000774000000)
 ParOldGen       total 108544K, used 21451K [0x00000006c0000000, 0x00000006c6a00000, 0x000000076ab00000)
  object space 108544K, 19% used [0x00000006c0000000,0x00000006c14f2d88,0x00000006c6a00000)
 Metaspace       used 21027K, capacity 21375K, committed 21760K, reserved 1069056K
  class space    used 2114K, capacity 2220K, committed 2304K, reserved 1048576K
Event: 10.209 GC heap after
Heap after GC invocations=5 (full 1):
 PSYoungGen      total 122368K, used 4576K [0x000000076ab00000, 0x0000000773a00000, 0x00000007c0000000)
  eden space 117760K, 0% used [0x000000076ab00000,0x000000076ab00000,0x0000000771e00000)
  from space 4608K, 99% used [0x0000000773580000,0x00000007739f8130,0x0000000773a00000)
  to   space 10752K, 0% used [0x0000000772500000,0x0000000772500000,0x0000000772f80000)
 ParOldGen       total 108544K, used 21459K [0x00000006c0000000, 0x00000006c6a00000, 0x000000076ab00000)
  object space 108544K, 19% used [0x00000006c0000000,0x00000006c14f4d88,0x00000006c6a00000)
 Metaspace       used 21027K, capacity 21375K, committed 21760K, reserved 1069056K
  class space    used 2114K, capacity 2220K, committed 2304K, reserved 1048576K
}
Event: 12.259 GC heap before
{Heap before GC invocations=6 (full 1):
 PSYoungGen      total 122368K, used 122336K [0x000000076ab00000, 0x0000000773a00000, 0x00000007c0000000)
  eden space 117760K, 100% used [0x000000076ab00000,0x0000000771e00000,0x0000000771e00000)
  from space 4608K, 99% used [0x0000000773580000,0x00000007739f8130,0x0000000773a00000)
  to   space 10752K, 0% used [0x0000000772500000,0x0000000772500000,0x0000000772f80000)
 ParOldGen       total 108544K, used 21459K [0x00000006c0000000, 0x00000006c6a00000, 0x000000076ab00000)
  object space 108544K, 19% used [0x00000006c0000000,0x00000006c14f4d88,0x00000006c6a00000)
 Metaspace       used 21331K, capacity 21669K, committed 22016K, reserved 1069056K
  class space    used 2137K, capacity 2253K, committed 2304K, reserved 1048576K
Event: 12.262 GC heap after
Heap after GC invocations=6 (full 1):
 PSYoungGen      total 135680K, used 4672K [0x000000076ab00000, 0x0000000779f80000, 0x00000007c0000000)
  eden space 124928K, 0% used [0x000000076ab00000,0x000000076ab00000,0x0000000772500000)
  from space 10752K, 43% used [0x0000000772500000,0x0000000772990110,0x0000000772f80000)
  to   space 22528K, 0% used [0x0000000778980000,0x0000000778980000,0x0000000779f80000)
 ParOldGen       total 108544K, used 21459K [0x00000006c0000000, 0x00000006c6a00000, 0x000000076ab00000)
  object space 108544K, 19% used [0x00000006c0000000,0x00000006c14f4d88,0x00000006c6a00000)
 Metaspace       used 21331K, capacity 21669K, committed 22016K, reserved 1069056K
  class space    used 2137K, capacity 2253K, committed 2304K, reserved 1048576K
}
Event: 14.154 GC heap before
{Heap before GC invocations=7 (full 1):
 PSYoungGen      total 135680K, used 129600K [0x000000076ab00000, 0x0000000779f80000, 0x00000007c0000000)
  eden space 124928K, 100% used [0x000000076ab00000,0x0000000772500000,0x0000000772500000)
  from space 10752K, 43% used [0x0000000772500000,0x0000000772990110,0x0000000772f80000)
  to   space 22528K, 0% used [0x0000000778980000,0x0000000778980000,0x0000000779f80000)
 ParOldGen       total 108544K, used 21459K [0x00000006c0000000, 0x00000006c6a00000, 0x000000076ab00000)
  object space 108544K, 19% used [0x00000006c0000000,0x00000006c14f4d88,0x00000006c6a00000)
 Metaspace       used 21397K, capacity 21797K, committed 22016K, reserved 1069056K
  class space    used 2137K, capacity 2253K, committed 2304K, reserved 1048576K
Event: 14.157 GC heap after
Heap after GC invocations=7 (full 1):
 PSYoungGen      total 228352K, used 4512K [0x000000076ab00000, 0x000000077a500000, 0x00000007c0000000)
  eden space 205824K, 0% used [0x000000076ab00000,0x000000076ab00000,0x0000000777400000)
  from space 22528K, 20% used [0x0000000778980000,0x0000000778de8110,0x0000000779f80000)
  to   space 22016K, 0% used [0x0000000777400000,0x0000000777400000,0x0000000778980000)
 ParOldGen       total 108544K, used 21467K [0x00000006c0000000, 0x00000006c6a00000, 0x000000076ab00000)
  object space 108544K, 19% used [0x00000006c0000000,0x00000006c14f6d88,0x00000006c6a00000)
 Metaspace       used 21397K, capacity 21797K, committed 22016K, reserved 1069056K
  class space    used 2137K, capacity 2253K, committed 2304K, reserved 1048576K
}
Event: 17.135 GC heap before
{Heap before GC invocations=8 (full 1):
 PSYoungGen      total 228352K, used 210336K [0x000000076ab00000, 0x000000077a500000, 0x00000007c0000000)
  eden space 205824K, 100% used [0x000000076ab00000,0x0000000777400000,0x0000000777400000)
  from space 22528K, 20% used [0x0000000778980000,0x0000000778de8110,0x0000000779f80000)
  to   space 22016K, 0% used [0x0000000777400000,0x0000000777400000,0x0000000778980000)
 ParOldGen       total 108544K, used 21467K [0x00000006c0000000, 0x00000006c6a00000, 0x000000076ab00000)
  object space 108544K, 19% used [0x00000006c0000000,0x00000006c14f6d88,0x00000006c6a00000)
 Metaspace       used 21510K, capacity 21925K, committed 22272K, reserved 1069056K
  class space    used 2137K, capacity 2253K, committed 2304K, reserved 1048576K
Event: 17.139 GC heap after
Heap after GC invocations=8 (full 1):
 PSYoungGen      total 227840K, used 4576K [0x000000076ab00000, 0x0000000781e80000, 0x00000007c0000000)
  eden space 205824K, 0% used [0x000000076ab00000,0x000000076ab00000,0x0000000777400000)
  from space 22016K, 20% used [0x0000000777400000,0x0000000777878110,0x0000000778980000)
  to   space 21504K, 0% used [0x0000000780980000,0x0000000780980000,0x0000000781e80000)
 ParOldGen       total 108544K, used 21475K [0x00000006c0000000, 0x00000006c6a00000, 0x000000076ab00000)
  object space 108544K, 19% used [0x00000006c0000000,0x00000006c14f8d88,0x00000006c6a00000)
 Metaspace       used 21510K, capacity 21925K, committed 22272K, reserved 1069056K
  class space    used 2137K, capacity 2253K, committed 2304K, reserved 1048576K
}
Event: 20.015 GC heap before
{Heap before GC invocations=9 (full 1):
 PSYoungGen      total 227840K, used 210400K [0x000000076ab00000, 0x0000000781e80000, 0x00000007c0000000)
  eden space 205824K, 100% used [0x000000076ab00000,0x0000000777400000,0x0000000777400000)
  from space 22016K, 20% used [0x0000000777400000,0x0000000777878110,0x0000000778980000)
  to   space 21504K, 0% used [0x0000000780980000,0x0000000780980000,0x0000000781e80000)
 ParOldGen       total 108544K, used 21475K [0x00000006c0000000, 0x00000006c6a00000, 0x000000076ab00000)
  object space 108544K, 19% used [0x00000006c0000000,0x00000006c14f8d88,0x00000006c6a00000)
 Metaspace       used 21545K, capacity 21925K, committed 22272K, reserved 1069056K
  class space    used 2137K, capacity 2253K, committed 2304K, reserved 1048576K
Event: 20.017 GC heap after
Heap after GC invocations=9 (full 1):
 PSYoungGen      total 335360K, used 1472K [0x000000076ab00000, 0x0000000781300000, 0x00000007c0000000)
  eden space 325632K, 0% used [0x000000076ab00000,0x000000076ab00000,0x000000077e900000)
  from space 9728K, 15% used [0x0000000780980000,0x0000000780af0040,0x0000000781300000)
  to   space 21504K, 0% used [0x000000077e900000,0x000000077e900000,0x000000077fe00000)
 ParOldGen       total 108544K, used 24683K [0x00000006c0000000, 0x00000006c6a00000, 0x000000076ab00000)
  object space 108544K, 22% used [0x00000006c0000000,0x00000006c181ae58,0x00000006c6a00000)
 Metaspace       used 21545K, capacity 21925K, committed 22272K, reserved 1069056K
  class space    used 2137K, capacity 2253K, committed 2304K, reserved 1048576K
}

