# JRE version: Java(TM) SE Runtime Environment (8.0_202-b08) (build 1.8.0_202-b08)
# Java VM: Java HotSpot(TM) 64-Bit Server VM (25.202-b08 mixed mode bsd-amd64 compressed oops)
Heap:
 PSYoungGen      total 296448K, used 215990K [0x000000076ab00000, 0x000000078ed00000, 0x00000007c0000000)
  eden space 262144K, 78% used [0x000000076ab00000,0x0000000777500ef0,0x000000077ab00000)
  from space 34304K, 26% used [0x000000077ab00000,0x000000077b3ecc60,0x000000077cc80000)
  to   space 33792K, 0% used [0x000000078cc00000,0x000000078cc00000,0x000000078ed00000)
 ParOldGen       total 175104K, used 40491K [0x00000006c0000000, 0x00000006cab00000, 0x000000076ab00000)
  object space 175104K, 23% used [0x00000006c0000000,0x00000006c278acc0,0x00000006cab00000)
 Metaspace       used 20114K, capacity 20499K, committed 20864K, reserved 1069056K
  class space    used 1979K, capacity 2104K, committed 2176K, reserved 1048576K
GC Heap History (10 events):
Event: 7.472 GC heap before
{Heap before GC invocations=3 (full 0):
 PSYoungGen      total 76288K, used 76266K [0x000000076ab00000, 0x0000000774000000, 0x00000007c0000000)
  eden space 65536K, 100% used [0x000000076ab00000,0x000000076eb00000,0x000000076eb00000)
  from space 10752K, 99% used [0x000000076f580000,0x000000076fffabf0,0x0000000770000000)
  to   space 10752K, 0% used [0x000000076eb00000,0x000000076eb00000,0x000000076f580000)
 ParOldGen       total 175104K, used 26063K [0x00000006c0000000, 0x00000006cab00000, 0x000000076ab00000)
  object space 175104K, 14% used [0x00000006c0000000,0x00000006c1973cc8,0x00000006cab00000)
 Metaspace       used 18999K, capacity 19315K, committed 19584K, reserved 1067008K
  class space    used 1930K, capacity 2054K, committed 2176K, reserved 1048576K
Event: 7.490 GC heap after
Heap after GC invocations=3 (full 0):
 PSYoungGen      total 76288K, used 10739K [0x000000076ab00000, 0x0000000774000000, 0x00000007c0000000)
  eden space 65536K, 0% used [0x000000076ab00000,0x000000076ab00000,0x000000076eb00000)
  from space 10752K, 99% used [0x000000076eb00000,0x000000076f57cc00,0x000000076f580000)
  to   space 10752K, 0% used [0x0000000773580000,0x0000000773580000,0x0000000774000000)
 ParOldGen       total 175104K, used 33946K [0x00000006c0000000, 0x00000006cab00000, 0x000000076ab00000)
  object space 175104K, 19% used [0x00000006c0000000,0x00000006c21268c8,0x00000006cab00000)
 Metaspace       used 18999K, capacity 19315K, committed 19584K, reserved 1067008K
  class space    used 1930K, capacity 2054K, committed 2176K, reserved 1048576K
}
Event: 7.967 GC heap before
{Heap before GC invocations=4 (full 0):
 PSYoungGen      total 76288K, used 76178K [0x000000076ab00000, 0x0000000774000000, 0x00000007c0000000)
  eden space 65536K, 99% used [0x000000076ab00000,0x000000076eae7da0,0x000000076eb00000)
  from space 10752K, 99% used [0x000000076eb00000,0x000000076f57cc00,0x000000076f580000)
  to   space 10752K, 0% used [0x0000000773580000,0x0000000773580000,0x0000000774000000)
 ParOldGen       total 175104K, used 33946K [0x00000006c0000000, 0x00000006cab00000, 0x000000076ab00000)
  object space 175104K, 19% used [0x00000006c0000000,0x00000006c21268c8,0x00000006cab00000)
 Metaspace       used 19186K, capacity 19563K, committed 19840K, reserved 1067008K
  class space    used 1952K, capacity 2070K, committed 2176K, reserved 1048576K
Event: 7.977 GC heap after
Heap after GC invocations=4 (full 0):
 PSYoungGen      total 141824K, used 10738K [0x000000076ab00000, 0x0000000774000000, 0x00000007c0000000)
  eden space 131072K, 0% used [0x000000076ab00000,0x000000076ab00000,0x0000000772b00000)
  from space 10752K, 99% used [0x0000000773580000,0x0000000773ffcbf0,0x0000000774000000)
  to   space 10752K, 0% used [0x0000000772b00000,0x0000000772b00000,0x0000000773580000)
 ParOldGen       total 175104K, used 35193K [0x00000006c0000000, 0x00000006cab00000, 0x000000076ab00000)
  object space 175104K, 20% used [0x00000006c0000000,0x00000006c225e598,0x00000006cab00000)
 Metaspace       used 19186K, capacity 19563K, committed 19840K, reserved 1067008K
  class space    used 1952K, capacity 2070K, committed 2176K, reserved 1048576K
}
Event: 8.941 GC heap before
{Heap before GC invocations=5 (full 0):
 PSYoungGen      total 141824K, used 141810K [0x000000076ab00000, 0x0000000774000000, 0x00000007c0000000)
  eden space 131072K, 100% used [0x000000076ab00000,0x0000000772b00000,0x0000000772b00000)
  from space 10752K, 99% used [0x0000000773580000,0x0000000773ffcbf0,0x0000000774000000)
  to   space 10752K, 0% used [0x0000000772b00000,0x0000000772b00000,0x0000000773580000)
 ParOldGen       total 175104K, used 35193K [0x00000006c0000000, 0x00000006cab00000, 0x000000076ab00000)
  object space 175104K, 20% used [0x00000006c0000000,0x00000006c225e598,0x00000006cab00000)
 Metaspace       used 19192K, capacity 19563K, committed 19840K, reserved 1067008K
  class space    used 1952K, capacity 2070K, committed 2176K, reserved 1048576K
Event: 8.949 GC heap after
Heap after GC invocations=5 (full 0):
 PSYoungGen      total 141824K, used 10546K [0x000000076ab00000, 0x000000077f000000, 0x00000007c0000000)
  eden space 131072K, 0% used [0x000000076ab00000,0x000000076ab00000,0x0000000772b00000)
  from space 10752K, 98% used [0x0000000772b00000,0x000000077354cbe0,0x0000000773580000)
  to   space 35328K, 0% used [0x000000077cd80000,0x000000077cd80000,0x000000077f000000)
 ParOldGen       total 175104K, used 35705K [0x00000006c0000000, 0x00000006cab00000, 0x000000076ab00000)
  object space 175104K, 20% used [0x00000006c0000000,0x00000006c22de5b8,0x00000006cab00000)
 Metaspace       used 19192K, capacity 19563K, committed 19840K, reserved 1067008K
  class space    used 1952K, capacity 2070K, committed 2176K, reserved 1048576K
}
Event: 9.894 GC heap before
{Heap before GC invocations=6 (full 0):
 PSYoungGen      total 141824K, used 141618K [0x000000076ab00000, 0x000000077f000000, 0x00000007c0000000)
  eden space 131072K, 100% used [0x000000076ab00000,0x0000000772b00000,0x0000000772b00000)
  from space 10752K, 98% used [0x0000000772b00000,0x000000077354cbe0,0x0000000773580000)
  to   space 35328K, 0% used [0x000000077cd80000,0x000000077cd80000,0x000000077f000000)
 ParOldGen       total 175104K, used 35705K [0x00000006c0000000, 0x00000006cab00000, 0x000000076ab00000)
  object space 175104K, 20% used [0x00000006c0000000,0x00000006c22de5b8,0x00000006cab00000)
 Metaspace       used 19206K, capacity 19563K, committed 19840K, reserved 1067008K
  class space    used 1952K, capacity 2070K, committed 2176K, reserved 1048576K
Event: 9.902 GC heap after
Heap after GC invocations=6 (full 0):
 PSYoungGen      total 295424K, used 10546K [0x000000076ab00000, 0x000000077ee00000, 0x00000007c0000000)
  eden space 262144K, 0% used [0x000000076ab00000,0x000000076ab00000,0x000000077ab00000)
  from space 33280K, 31% used [0x000000077cd80000,0x000000077d7ccbe0,0x000000077ee00000)
  to   space 34304K, 0% used [0x000000077ab00000,0x000000077ab00000,0x000000077cc80000)
 ParOldGen       total 175104K, used 35705K [0x00000006c0000000, 0x00000006cab00000, 0x000000076ab00000)
  object space 175104K, 20% used [0x00000006c0000000,0x00000006c22de5b8,0x00000006cab00000)
 Metaspace       used 19206K, capacity 19563K, committed 19840K, reserved 1067008K
  class space    used 1952K, capacity 2070K, committed 2176K, reserved 1048576K
}
Event: 21.443 GC heap before
{Heap before GC invocations=7 (full 0):
 PSYoungGen      total 295424K, used 272690K [0x000000076ab00000, 0x000000077ee00000, 0x00000007c0000000)
  eden space 262144K, 100% used [0x000000076ab00000,0x000000077ab00000,0x000000077ab00000)
  from space 33280K, 31% used [0x000000077cd80000,0x000000077d7ccbe0,0x000000077ee00000)
  to   space 34304K, 0% used [0x000000077ab00000,0x000000077ab00000,0x000000077cc80000)
 ParOldGen       total 175104K, used 35705K [0x00000006c0000000, 0x00000006cab00000, 0x000000076ab00000)
  object space 175104K, 20% used [0x00000006c0000000,0x00000006c22de5b8,0x00000006cab00000)
 Metaspace       used 19868K, capacity 20273K, committed 20608K, reserved 1067008K
  class space    used 1971K, capacity 2071K, committed 2176K, reserved 1048576K
Event: 21.475 GC heap after
Heap after GC invocations=7 (full 0):
 PSYoungGen      total 296448K, used 9139K [0x000000076ab00000, 0x000000078ed00000, 0x00000007c0000000)
  eden space 262144K, 0% used [0x000000076ab00000,0x000000076ab00000,0x000000077ab00000)
  from space 34304K, 26% used [0x000000077ab00000,0x000000077b3ecc60,0x000000077cc80000)
  to   space 33792K, 0% used [0x000000078cc00000,0x000000078cc00000,0x000000078ed00000)
 ParOldGen       total 175104K, used 40491K [0x00000006c0000000, 0x00000006cab00000, 0x000000076ab00000)
  object space 175104K, 23% used [0x00000006c0000000,0x00000006c278acc0,0x00000006cab00000)
 Metaspace       used 19868K, capacity 20273K, committed 20608K, reserved 1067008K
  class space    used 1971K, capacity 2071K, committed 2176K, reserved 1048576K
}

