# JRE version: Java(TM) SE Runtime Environment (8.0_202-b08) (build 1.8.0_202-b08)
# Java VM: Java HotSpot(TM) 64-Bit Server VM (25.202-b08 mixed mode bsd-amd64 compressed oops)
Heap:
 PSYoungGen      total 136704K, used 44075K [0x000000076ab00000, 0x0000000773c00000, 0x00000007c0000000)
  eden space 125952K, 26% used [0x000000076ab00000,0x000000076cb92348,0x0000000772600000)
  from space 10752K, 99% used [0x0000000773180000,0x0000000773bf8bc8,0x0000000773c00000)
  to   space 10752K, 0% used [0x0000000772700000,0x0000000772700000,0x0000000773180000)
 ParOldGen       total 95232K, used 20621K [0x00000006c0000000, 0x00000006c5d00000, 0x000000076ab00000)
  object space 95232K, 21% used [0x00000006c0000000,0x00000006c14235c8,0x00000006c5d00000)
 Metaspace       used 27814K, capacity 28217K, committed 28544K, reserved 1075200K
  class space    used 2223K, capacity 2342K, committed 2432K, reserved 1048576K
GC Heap History (10 events):
Event: 10.254 GC heap before
{Heap before GC invocations=1 (full 0):
 PSYoungGen      total 76288K, used 65518K [0x000000076ab00000, 0x0000000770000000, 0x00000007c0000000)
  eden space 65536K, 99% used [0x000000076ab00000,0x000000076eafbaa8,0x000000076eb00000)
  from space 10752K, 0% used [0x000000076f580000,0x000000076f580000,0x0000000770000000)
  to   space 10752K, 0% used [0x000000076eb00000,0x000000076eb00000,0x000000076f580000)
 ParOldGen       total 175104K, used 0K [0x00000006c0000000, 0x00000006cab00000, 0x000000076ab00000)
  object space 175104K, 0% used [0x00000006c0000000,0x00000006c0000000,0x00000006cab00000)
 Metaspace       used 19726K, capacity 20061K, committed 20352K, reserved 1067008K
  class space    used 2006K, capacity 2113K, committed 2176K, reserved 1048576K
Event: 10.283 GC heap after
Heap after GC invocations=1 (full 0):
 PSYoungGen      total 76288K, used 10725K [0x000000076ab00000, 0x0000000770000000, 0x00000007c0000000)
  eden space 65536K, 0% used [0x000000076ab00000,0x000000076ab00000,0x000000076eb00000)
  from space 10752K, 99% used [0x000000076eb00000,0x000000076f5795e0,0x000000076f580000)
  to   space 10752K, 0% used [0x000000076f580000,0x000000076f580000,0x0000000770000000)
 ParOldGen       total 175104K, used 3746K [0x00000006c0000000, 0x00000006cab00000, 0x000000076ab00000)
  object space 175104K, 2% used [0x00000006c0000000,0x00000006c03a8b40,0x00000006cab00000)
 Metaspace       used 19726K, capacity 20061K, committed 20352K, reserved 1067008K
  class space    used 2006K, capacity 2113K, committed 2176K, reserved 1048576K
}
Event: 10.380 GC heap before
{Heap before GC invocations=2 (full 0):
 PSYoungGen      total 76288K, used 30679K [0x000000076ab00000, 0x0000000770000000, 0x00000007c0000000)
  eden space 65536K, 30% used [0x000000076ab00000,0x000000076be7c9a8,0x000000076eb00000)
  from space 10752K, 99% used [0x000000076eb00000,0x000000076f5795e0,0x000000076f580000)
  to   space 10752K, 0% used [0x000000076f580000,0x000000076f580000,0x0000000770000000)
 ParOldGen       total 175104K, used 3746K [0x00000006c0000000, 0x00000006cab00000, 0x000000076ab00000)
  object space 175104K, 2% used [0x00000006c0000000,0x00000006c03a8b40,0x00000006cab00000)
 Metaspace       used 20826K, capacity 21106K, committed 21296K, reserved 1069056K
  class space    used 2017K, capacity 2113K, committed 2176K, reserved 1048576K
Event: 10.396 GC heap after
Heap after GC invocations=2 (full 0):
 PSYoungGen      total 76288K, used 10722K [0x000000076ab00000, 0x0000000774000000, 0x00000007c0000000)
  eden space 65536K, 0% used [0x000000076ab00000,0x000000076ab00000,0x000000076eb00000)
  from space 10752K, 99% used [0x000000076f580000,0x000000076fff8b70,0x0000000770000000)
  to   space 10752K, 0% used [0x000000076eb00000,0x000000076eb00000,0x000000076f580000)
 ParOldGen       total 175104K, used 9516K [0x00000006c0000000, 0x00000006cab00000, 0x000000076ab00000)
  object space 175104K, 5% used [0x00000006c0000000,0x00000006c094b3a0,0x00000006cab00000)
 Metaspace       used 20826K, capacity 21106K, committed 21296K, reserved 1069056K
  class space    used 2017K, capacity 2113K, committed 2176K, reserved 1048576K
}
Event: 10.396 GC heap before
{Heap before GC invocations=3 (full 1):
 PSYoungGen      total 76288K, used 10722K [0x000000076ab00000, 0x0000000774000000, 0x00000007c0000000)
  eden space 65536K, 0% used [0x000000076ab00000,0x000000076ab00000,0x000000076eb00000)
  from space 10752K, 99% used [0x000000076f580000,0x000000076fff8b70,0x0000000770000000)
  to   space 10752K, 0% used [0x000000076eb00000,0x000000076eb00000,0x000000076f580000)
 ParOldGen       total 175104K, used 9516K [0x00000006c0000000, 0x00000006cab00000, 0x000000076ab00000)
  object space 175104K, 5% used [0x00000006c0000000,0x00000006c094b3a0,0x00000006cab00000)
 Metaspace       used 20826K, capacity 21106K, committed 21296K, reserved 1069056K
  class space    used 2017K, capacity 2113K, committed 2176K, reserved 1048576K
Event: 10.430 GC heap after
Heap after GC invocations=3 (full 1):
 PSYoungGen      total 76288K, used 0K [0x000000076ab00000, 0x0000000774000000, 0x00000007c0000000)
  eden space 65536K, 0% used [0x000000076ab00000,0x000000076ab00000,0x000000076eb00000)
  from space 10752K, 0% used [0x000000076f580000,0x000000076f580000,0x0000000770000000)
  to   space 10752K, 0% used [0x000000076eb00000,0x000000076eb00000,0x000000076f580000)
 ParOldGen       total 95232K, used 19992K [0x00000006c0000000, 0x00000006c5d00000, 0x000000076ab00000)
  object space 95232K, 20% used [0x00000006c0000000,0x00000006c1386000,0x00000006c5d00000)
 Metaspace       used 20825K, capacity 21104K, committed 21296K, reserved 1069056K
  class space    used 2017K, capacity 2112K, committed 2176K, reserved 1048576K
}
Event: 14.639 GC heap before
{Heap before GC invocations=4 (full 1):
 PSYoungGen      total 76288K, used 65536K [0x000000076ab00000, 0x0000000774000000, 0x00000007c0000000)
  eden space 65536K, 100% used [0x000000076ab00000,0x000000076eb00000,0x000000076eb00000)
  from space 10752K, 0% used [0x000000076f580000,0x000000076f580000,0x0000000770000000)
  to   space 10752K, 0% used [0x000000076eb00000,0x000000076eb00000,0x000000076f580000)
 ParOldGen       total 95232K, used 19992K [0x00000006c0000000, 0x00000006c5d00000, 0x000000076ab00000)
  object space 95232K, 20% used [0x00000006c0000000,0x00000006c1386000,0x00000006c5d00000)
 Metaspace       used 27303K, capacity 27689K, committed 27904K, reserved 1075200K
  class space    used 2175K, capacity 2274K, committed 2304K, reserved 1048576K
Event: 14.656 GC heap after
Heap after GC invocations=4 (full 1):
 PSYoungGen      total 76288K, used 10737K [0x000000076ab00000, 0x0000000773c00000, 0x00000007c0000000)
  eden space 65536K, 0% used [0x000000076ab00000,0x000000076ab00000,0x000000076eb00000)
  from space 10752K, 99% used [0x000000076eb00000,0x000000076f57c5f0,0x000000076f580000)
  to   space 10752K, 0% used [0x0000000773180000,0x0000000773180000,0x0000000773c00000)
 ParOldGen       total 95232K, used 20597K [0x00000006c0000000, 0x00000006c5d00000, 0x000000076ab00000)
  object space 95232K, 21% used [0x00000006c0000000,0x00000006c141d5c8,0x00000006c5d00000)
 Metaspace       used 27303K, capacity 27689K, committed 27904K, reserved 1075200K
  class space    used 2175K, capacity 2274K, committed 2304K, reserved 1048576K
}
Event: 29.923 GC heap before
{Heap before GC invocations=5 (full 1):
 PSYoungGen      total 76288K, used 76273K [0x000000076ab00000, 0x0000000773c00000, 0x00000007c0000000)
  eden space 65536K, 100% used [0x000000076ab00000,0x000000076eb00000,0x000000076eb00000)
  from space 10752K, 99% used [0x000000076eb00000,0x000000076f57c5f0,0x000000076f580000)
  to   space 10752K, 0% used [0x0000000773180000,0x0000000773180000,0x0000000773c00000)
 ParOldGen       total 95232K, used 20597K [0x00000006c0000000, 0x00000006c5d00000, 0x000000076ab00000)
  object space 95232K, 21% used [0x00000006c0000000,0x00000006c141d5c8,0x00000006c5d00000)
 Metaspace       used 27759K, capacity 28117K, committed 28544K, reserved 1075200K
  class space    used 2213K, capacity 2308K, committed 2432K, reserved 1048576K
Event: 29.943 GC heap after
Heap after GC invocations=5 (full 1):
 PSYoungGen      total 136704K, used 10722K [0x000000076ab00000, 0x0000000773c00000, 0x00000007c0000000)
  eden space 125952K, 0% used [0x000000076ab00000,0x000000076ab00000,0x0000000772600000)
  from space 10752K, 99% used [0x0000000773180000,0x0000000773bf8bc8,0x0000000773c00000)
  to   space 10752K, 0% used [0x0000000772700000,0x0000000772700000,0x0000000773180000)
 ParOldGen       total 95232K, used 20621K [0x00000006c0000000, 0x00000006c5d00000, 0x000000076ab00000)
  object space 95232K, 21% used [0x00000006c0000000,0x00000006c14235c8,0x00000006c5d00000)
 Metaspace       used 27759K, capacity 28117K, committed 28544K, reserved 1075200K
  class space    used 2213K, capacity 2308K, committed 2432K, reserved 1048576K
}

