# JRE version: Java(TM) SE Runtime Environment (8.0_202-b08) (build 1.8.0_202-b08)
# Java VM: Java HotSpot(TM) 64-Bit Server VM (25.202-b08 mixed mode bsd-amd64 compressed oops)
Heap:
 PSYoungGen      total 563712K, used 489629K [0x000000076ab00000, 0x00000007a2980000, 0x00000007c0000000)
  eden space 523776K, 92% used [0x000000076ab00000,0x00000007881af480,0x000000078aa80000)
  from space 39936K, 19% used [0x000000078aa80000,0x000000078b1f81e0,0x000000078d180000)
  to   space 38912K, 0% used [0x00000007a0380000,0x00000007a0380000,0x00000007a2980000)
 ParOldGen       total 175104K, used 64708K [0x00000006c0000000, 0x00000006cab00000, 0x000000076ab00000)
  object space 175104K, 36% used [0x00000006c0000000,0x00000006c3f313b0,0x00000006cab00000)
 Metaspace       used 19851K, capacity 20249K, committed 20608K, reserved 1067008K
  class space    used 1997K, capacity 2103K, committed 2176K, reserved 1048576K
GC Heap History (10 events):
Event: 9.553 GC heap before
{Heap before GC invocations=5 (full 0):
 PSYoungGen      total 141824K, used 141809K [0x000000076ab00000, 0x0000000774000000, 0x00000007c0000000)
  eden space 131072K, 100% used [0x000000076ab00000,0x0000000772b00000,0x0000000772b00000)
  from space 10752K, 99% used [0x0000000773580000,0x0000000773ffc6d8,0x0000000774000000)
  to   space 10752K, 0% used [0x0000000772b00000,0x0000000772b00000,0x0000000773580000)
 ParOldGen       total 175104K, used 49372K [0x00000006c0000000, 0x00000006cab00000, 0x000000076ab00000)
  object space 175104K, 28% used [0x00000006c0000000,0x00000006c30371f8,0x00000006cab00000)
 Metaspace       used 19405K, capacity 19789K, committed 20096K, reserved 1067008K
  class space    used 1975K, capacity 2099K, committed 2176K, reserved 1048576K
Event: 9.574 GC heap after
Heap after GC invocations=5 (full 0):
 PSYoungGen      total 141824K, used 10733K [0x000000076ab00000, 0x000000077fa00000, 0x00000007c0000000)
  eden space 131072K, 0% used [0x000000076ab00000,0x000000076ab00000,0x0000000772b00000)
  from space 10752K, 99% used [0x0000000772b00000,0x000000077357b490,0x0000000773580000)
  to   space 40448K, 0% used [0x000000077d280000,0x000000077d280000,0x000000077fa00000)
 ParOldGen       total 175104K, used 52857K [0x00000006c0000000, 0x00000006cab00000, 0x000000076ab00000)
  object space 175104K, 30% used [0x00000006c0000000,0x00000006c339e478,0x00000006cab00000)
 Metaspace       used 19405K, capacity 19789K, committed 20096K, reserved 1067008K
  class space    used 1975K, capacity 2099K, committed 2176K, reserved 1048576K
}
Event: 10.698 GC heap before
{Heap before GC invocations=6 (full 0):
 PSYoungGen      total 141824K, used 141805K [0x000000076ab00000, 0x000000077fa00000, 0x00000007c0000000)
  eden space 131072K, 100% used [0x000000076ab00000,0x0000000772b00000,0x0000000772b00000)
  from space 10752K, 99% used [0x0000000772b00000,0x000000077357b490,0x0000000773580000)
  to   space 40448K, 0% used [0x000000077d280000,0x000000077d280000,0x000000077fa00000)
 ParOldGen       total 175104K, used 52857K [0x00000006c0000000, 0x00000006cab00000, 0x000000076ab00000)
  object space 175104K, 30% used [0x00000006c0000000,0x00000006c339e478,0x00000006cab00000)
 Metaspace       used 19466K, capacity 19853K, committed 20096K, reserved 1067008K
  class space    used 1975K, capacity 2099K, committed 2176K, reserved 1048576K
Event: 10.717 GC heap after
Heap after GC invocations=6 (full 0):
 PSYoungGen      total 301568K, used 11933K [0x000000076ab00000, 0x000000077f900000, 0x00000007c0000000)
  eden space 262144K, 0% used [0x000000076ab00000,0x000000076ab00000,0x000000077ab00000)
  from space 39424K, 30% used [0x000000077d280000,0x000000077de274a0,0x000000077f900000)
  to   space 39936K, 0% used [0x000000077ab00000,0x000000077ab00000,0x000000077d200000)
 ParOldGen       total 175104K, used 52857K [0x00000006c0000000, 0x00000006cab00000, 0x000000076ab00000)
  object space 175104K, 30% used [0x00000006c0000000,0x00000006c339e478,0x00000006cab00000)
 Metaspace       used 19466K, capacity 19853K, committed 20096K, reserved 1067008K
  class space    used 1975K, capacity 2099K, committed 2176K, reserved 1048576K
}
Event: 13.028 GC heap before
{Heap before GC invocations=7 (full 0):
 PSYoungGen      total 301568K, used 274077K [0x000000076ab00000, 0x000000077f900000, 0x00000007c0000000)
  eden space 262144K, 100% used [0x000000076ab00000,0x000000077ab00000,0x000000077ab00000)
  from space 39424K, 30% used [0x000000077d280000,0x000000077de274a0,0x000000077f900000)
  to   space 39936K, 0% used [0x000000077ab00000,0x000000077ab00000,0x000000077d200000)
 ParOldGen       total 175104K, used 52857K [0x00000006c0000000, 0x00000006cab00000, 0x000000076ab00000)
  object space 175104K, 30% used [0x00000006c0000000,0x00000006c339e478,0x00000006cab00000)
 Metaspace       used 19619K, capacity 19989K, committed 20352K, reserved 1067008K
  class space    used 1986K, capacity 2101K, committed 2176K, reserved 1048576K
Event: 13.054 GC heap after
Heap after GC invocations=7 (full 0):
 PSYoungGen      total 302080K, used 9053K [0x000000076ab00000, 0x000000078f800000, 0x00000007c0000000)
  eden space 262144K, 0% used [0x000000076ab00000,0x000000076ab00000,0x000000077ab00000)
  from space 39936K, 22% used [0x000000077ab00000,0x000000077b3d7480,0x000000077d200000)
  to   space 39424K, 0% used [0x000000078d180000,0x000000078d180000,0x000000078f800000)
 ParOldGen       total 175104K, used 55770K [0x00000006c0000000, 0x00000006cab00000, 0x000000076ab00000)
  object space 175104K, 31% used [0x00000006c0000000,0x00000006c3676ae0,0x00000006cab00000)
 Metaspace       used 19619K, capacity 19989K, committed 20352K, reserved 1067008K
  class space    used 1986K, capacity 2101K, committed 2176K, reserved 1048576K
}
Event: 15.363 GC heap before
{Heap before GC invocations=8 (full 0):
 PSYoungGen      total 302080K, used 271197K [0x000000076ab00000, 0x000000078f800000, 0x00000007c0000000)
  eden space 262144K, 100% used [0x000000076ab00000,0x000000077ab00000,0x000000077ab00000)
  from space 39936K, 22% used [0x000000077ab00000,0x000000077b3d7480,0x000000077d200000)
  to   space 39424K, 0% used [0x000000078d180000,0x000000078d180000,0x000000078f800000)
 ParOldGen       total 175104K, used 55770K [0x00000006c0000000, 0x00000006cab00000, 0x000000076ab00000)
  object space 175104K, 31% used [0x00000006c0000000,0x00000006c3676ae0,0x00000006cab00000)
 Metaspace       used 19636K, capacity 19989K, committed 20352K, reserved 1067008K
  class space    used 1986K, capacity 2101K, committed 2176K, reserved 1048576K
Event: 15.366 GC heap after
Heap after GC invocations=8 (full 0):
 PSYoungGen      total 563200K, used 3616K [0x000000076ab00000, 0x000000078f900000, 0x00000007c0000000)
  eden space 523776K, 0% used [0x000000076ab00000,0x000000076ab00000,0x000000078aa80000)
  from space 39424K, 9% used [0x000000078d180000,0x000000078d508100,0x000000078f800000)
  to   space 39936K, 0% used [0x000000078aa80000,0x000000078aa80000,0x000000078d180000)
 ParOldGen       total 175104K, used 62431K [0x00000006c0000000, 0x00000006cab00000, 0x000000076ab00000)
  object space 175104K, 35% used [0x00000006c0000000,0x00000006c3cf7ee0,0x00000006cab00000)
 Metaspace       used 19636K, capacity 19989K, committed 20352K, reserved 1067008K
  class space    used 1986K, capacity 2101K, committed 2176K, reserved 1048576K
}
Event: 19.468 GC heap before
{Heap before GC invocations=9 (full 0):
 PSYoungGen      total 563200K, used 527392K [0x000000076ab00000, 0x000000078f900000, 0x00000007c0000000)
  eden space 523776K, 100% used [0x000000076ab00000,0x000000078aa80000,0x000000078aa80000)
  from space 39424K, 9% used [0x000000078d180000,0x000000078d508100,0x000000078f800000)
  to   space 39936K, 0% used [0x000000078aa80000,0x000000078aa80000,0x000000078d180000)
 ParOldGen       total 175104K, used 62431K [0x00000006c0000000, 0x00000006cab00000, 0x000000076ab00000)
  object space 175104K, 35% used [0x00000006c0000000,0x00000006c3cf7ee0,0x00000006cab00000)
 Metaspace       used 19695K, capacity 20053K, committed 20352K, reserved 1067008K
  class space    used 1987K, capacity 2101K, committed 2176K, reserved 1048576K
Event: 19.471 GC heap after
Heap after GC invocations=9 (full 0):
 PSYoungGen      total 563712K, used 7648K [0x000000076ab00000, 0x00000007a2980000, 0x00000007c0000000)
  eden space 523776K, 0% used [0x000000076ab00000,0x000000076ab00000,0x000000078aa80000)
  from space 39936K, 19% used [0x000000078aa80000,0x000000078b1f81e0,0x000000078d180000)
  to   space 38912K, 0% used [0x00000007a0380000,0x00000007a0380000,0x00000007a2980000)
 ParOldGen       total 175104K, used 64708K [0x00000006c0000000, 0x00000006cab00000, 0x000000076ab00000)
  object space 175104K, 36% used [0x00000006c0000000,0x00000006c3f313b0,0x00000006cab00000)
 Metaspace       used 19695K, capacity 20053K, committed 20352K, reserved 1067008K
  class space    used 1987K, capacity 2101K, committed 2176K, reserved 1048576K
}

