# JRE version: Java(TM) SE Runtime Environment (8.0_202-b08) (build 1.8.0_202-b08)
# Java VM: Java HotSpot(TM) 64-Bit Server VM (25.202-b08 mixed mode bsd-amd64 compressed oops)
Heap:
 PSYoungGen      total 793088K, used 99790K [0x000000076ab00000, 0x00000007a1000000, 0x00000007c0000000)
  eden space 792576K, 12% used [0x000000076ab00000,0x0000000770c3bb40,0x000000079b100000)
  from space 512K, 43% used [0x000000079d680000,0x000000079d6b8000,0x000000079d700000)
  to   space 48640K, 0% used [0x000000079e080000,0x000000079e080000,0x00000007a1000000)
 ParOldGen       total 175104K, used 109240K [0x00000006c0000000, 0x00000006cab00000, 0x000000076ab00000)
  object space 175104K, 62% used [0x00000006c0000000,0x00000006c6aae1b0,0x00000006cab00000)
 Metaspace       used 20297K, capacity 20691K, committed 20864K, reserved 1069056K
  class space    used 1959K, capacity 2102K, committed 2176K, reserved 1048576K
GC Heap History (10 events):
Event: 30.264 GC heap before
{Heap before GC invocations=7 (full 0):
 PSYoungGen      total 290304K, used 280264K [0x000000076ab00000, 0x000000077e600000, 0x00000007c0000000)
  eden space 262144K, 100% used [0x000000076ab00000,0x000000077ab00000,0x000000077ab00000)
  from space 28160K, 64% used [0x000000077ca80000,0x000000077dc32008,0x000000077e600000)
  to   space 30208K, 0% used [0x000000077ab00000,0x000000077ab00000,0x000000077c880000)
 ParOldGen       total 175104K, used 40434K [0x00000006c0000000, 0x00000006cab00000, 0x000000076ab00000)
  object space 175104K, 23% used [0x00000006c0000000,0x00000006c277c8d8,0x00000006cab00000)
 Metaspace       used 20076K, capacity 20467K, committed 20864K, reserved 1069056K
  class space    used 1951K, capacity 2070K, committed 2176K, reserved 1048576K
Event: 30.305 GC heap after
Heap after GC invocations=7 (full 0):
 PSYoungGen      total 292352K, used 30196K [0x000000076ab00000, 0x000000078f400000, 0x00000007c0000000)
  eden space 262144K, 0% used [0x000000076ab00000,0x000000076ab00000,0x000000077ab00000)
  from space 30208K, 99% used [0x000000077ab00000,0x000000077c87d140,0x000000077c880000)
  to   space 37376K, 0% used [0x000000078cf80000,0x000000078cf80000,0x000000078f400000)
 ParOldGen       total 175104K, used 46750K [0x00000006c0000000, 0x00000006cab00000, 0x000000076ab00000)
  object space 175104K, 26% used [0x00000006c0000000,0x00000006c2da78c0,0x00000006cab00000)
 Metaspace       used 20076K, capacity 20467K, committed 20864K, reserved 1069056K
  class space    used 1951K, capacity 2070K, committed 2176K, reserved 1048576K
}
Event: 41.464 GC heap before
{Heap before GC invocations=8 (full 0):
 PSYoungGen      total 292352K, used 292340K [0x000000076ab00000, 0x000000078f400000, 0x00000007c0000000)
  eden space 262144K, 100% used [0x000000076ab00000,0x000000077ab00000,0x000000077ab00000)
  from space 30208K, 99% used [0x000000077ab00000,0x000000077c87d140,0x000000077c880000)
  to   space 37376K, 0% used [0x000000078cf80000,0x000000078cf80000,0x000000078f400000)
 ParOldGen       total 175104K, used 46750K [0x00000006c0000000, 0x00000006cab00000, 0x000000076ab00000)
  object space 175104K, 26% used [0x00000006c0000000,0x00000006c2da78c0,0x00000006cab00000)
 Metaspace       used 20124K, capacity 20531K, committed 20864K, reserved 1069056K
  class space    used 1951K, capacity 2070K, committed 2176K, reserved 1048576K
Event: 41.518 GC heap after
Heap after GC invocations=8 (full 0):
 PSYoungGen      total 556544K, used 37330K [0x000000076ab00000, 0x000000078fe00000, 0x00000007c0000000)
  eden space 519168K, 0% used [0x000000076ab00000,0x000000076ab00000,0x000000078a600000)
  from space 37376K, 99% used [0x000000078cf80000,0x000000078f3f4920,0x000000078f400000)
  to   space 42496K, 0% used [0x000000078a600000,0x000000078a600000,0x000000078cf80000)
 ParOldGen       total 175104K, used 56161K [0x00000006c0000000, 0x00000006cab00000, 0x000000076ab00000)
  object space 175104K, 32% used [0x00000006c0000000,0x00000006c36d84d0,0x00000006cab00000)
 Metaspace       used 20124K, capacity 20531K, committed 20864K, reserved 1069056K
  class space    used 1951K, capacity 2070K, committed 2176K, reserved 1048576K
}
Event: 71.495 GC heap before
{Heap before GC invocations=9 (full 0):
 PSYoungGen      total 556544K, used 556498K [0x000000076ab00000, 0x000000078fe00000, 0x00000007c0000000)
  eden space 519168K, 100% used [0x000000076ab00000,0x000000078a600000,0x000000078a600000)
  from space 37376K, 99% used [0x000000078cf80000,0x000000078f3f4920,0x000000078f400000)
  to   space 42496K, 0% used [0x000000078a600000,0x000000078a600000,0x000000078cf80000)
 ParOldGen       total 175104K, used 56161K [0x00000006c0000000, 0x00000006cab00000, 0x000000076ab00000)
  object space 175104K, 32% used [0x00000006c0000000,0x00000006c36d84d0,0x00000006cab00000)
 Metaspace       used 20151K, capacity 20531K, committed 20864K, reserved 1069056K
  class space    used 1951K, capacity 2070K, committed 2176K, reserved 1048576K
Event: 71.531 GC heap after
Heap after GC invocations=9 (full 0):
 PSYoungGen      total 561664K, used 40802K [0x000000076ab00000, 0x00000007a3380000, 0x00000007c0000000)
  eden space 519168K, 0% used [0x000000076ab00000,0x000000076ab00000,0x000000078a600000)
  from space 42496K, 96% used [0x000000078a600000,0x000000078cdd89d0,0x000000078cf80000)
  to   space 47616K, 0% used [0x00000007a0500000,0x00000007a0500000,0x00000007a3380000)
 ParOldGen       total 175104K, used 62173K [0x00000006c0000000, 0x00000006cab00000, 0x000000076ab00000)
  object space 175104K, 35% used [0x00000006c0000000,0x00000006c3cb7650,0x00000006cab00000)
 Metaspace       used 20151K, capacity 20531K, committed 20864K, reserved 1069056K
  class space    used 1951K, capacity 2070K, committed 2176K, reserved 1048576K
}
Event: 104.622 GC heap before
{Heap before GC invocations=10 (full 0):
 PSYoungGen      total 561664K, used 559970K [0x000000076ab00000, 0x00000007a3380000, 0x00000007c0000000)
  eden space 519168K, 100% used [0x000000076ab00000,0x000000078a600000,0x000000078a600000)
  from space 42496K, 96% used [0x000000078a600000,0x000000078cdd89d0,0x000000078cf80000)
  to   space 47616K, 0% used [0x00000007a0500000,0x00000007a0500000,0x00000007a3380000)
 ParOldGen       total 175104K, used 62173K [0x00000006c0000000, 0x00000006cab00000, 0x000000076ab00000)
  object space 175104K, 35% used [0x00000006c0000000,0x00000006c3cb7650,0x00000006cab00000)
 Metaspace       used 20267K, capacity 20659K, committed 20864K, reserved 1069056K
  class space    used 1951K, capacity 2070K, committed 2176K, reserved 1048576K
Event: 104.662 GC heap after
Heap after GC invocations=10 (full 0):
 PSYoungGen      total 876544K, used 17345K [0x000000076ab00000, 0x00000007a3180000, 0x00000007c0000000)
  eden space 830976K, 0% used [0x000000076ab00000,0x000000076ab00000,0x000000079d680000)
  from space 45568K, 38% used [0x00000007a0500000,0x00000007a15f0420,0x00000007a3180000)
  to   space 46592K, 0% used [0x000000079d680000,0x000000079d680000,0x00000007a0400000)
 ParOldGen       total 175104K, used 92079K [0x00000006c0000000, 0x00000006cab00000, 0x000000076ab00000)
  object space 175104K, 52% used [0x00000006c0000000,0x00000006c59ebd90,0x00000006cab00000)
 Metaspace       used 20267K, capacity 20659K, committed 20864K, reserved 1069056K
  class space    used 1951K, capacity 2070K, committed 2176K, reserved 1048576K
}
Event: 163.800 GC heap before
{Heap before GC invocations=11 (full 0):
 PSYoungGen      total 876544K, used 848321K [0x000000076ab00000, 0x00000007a3180000, 0x00000007c0000000)
  eden space 830976K, 100% used [0x000000076ab00000,0x000000079d680000,0x000000079d680000)
  from space 45568K, 38% used [0x00000007a0500000,0x00000007a15f0420,0x00000007a3180000)
  to   space 46592K, 0% used [0x000000079d680000,0x000000079d680000,0x00000007a0400000)
 ParOldGen       total 175104K, used 92079K [0x00000006c0000000, 0x00000006cab00000, 0x000000076ab00000)
  object space 175104K, 52% used [0x00000006c0000000,0x00000006c59ebd90,0x00000006cab00000)
 Metaspace       used 20267K, capacity 20659K, committed 20864K, reserved 1069056K
  class space    used 1951K, capacity 2070K, committed 2176K, reserved 1048576K
Event: 163.824 GC heap after
Heap after GC invocations=11 (full 0):
 PSYoungGen      total 793088K, used 224K [0x000000076ab00000, 0x00000007a1000000, 0x00000007c0000000)
  eden space 792576K, 0% used [0x000000076ab00000,0x000000076ab00000,0x000000079b100000)
  from space 512K, 43% used [0x000000079d680000,0x000000079d6b8000,0x000000079d700000)
  to   space 48640K, 0% used [0x000000079e080000,0x000000079e080000,0x00000007a1000000)
 ParOldGen       total 175104K, used 109240K [0x00000006c0000000, 0x00000006cab00000, 0x000000076ab00000)
  object space 175104K, 62% used [0x00000006c0000000,0x00000006c6aae1b0,0x00000006cab00000)
 Metaspace       used 20267K, capacity 20659K, committed 20864K, reserved 1069056K
  class space    used 1951K, capacity 2070K, committed 2176K, reserved 1048576K
}

