# JRE version: Java(TM) SE Runtime Environment (8.0_202-b08) (build 1.8.0_202-b08)
# Java VM: Java HotSpot(TM) 64-Bit Server VM (25.202-b08 mixed mode bsd-amd64 compressed oops)
Heap:
 PSYoungGen      total 136704K, used 37746K [0x000000076ab00000, 0x0000000773c00000, 0x00000007c0000000)
  eden space 125952K, 21% used [0x000000076ab00000,0x000000076c585ea8,0x0000000772600000)
  from space 10752K, 98% used [0x0000000773180000,0x0000000773bd6d10,0x0000000773c00000)
  to   space 10752K, 0% used [0x0000000772700000,0x0000000772700000,0x0000000773180000)
 ParOldGen       total 75776K, used 9790K [0x00000006c0000000, 0x00000006c4a00000, 0x000000076ab00000)
  object space 75776K, 12% used [0x00000006c0000000,0x00000006c098fa50,0x00000006c4a00000)
 Metaspace       used 25079K, capacity 25463K, committed 25984K, reserved 1073152K
  class space    used 2509K, capacity 2634K, committed 2688K, reserved 1048576K
GC Heap History (10 events):
Event: 8.421 GC heap before
{Heap before GC invocations=1 (full 0):
 PSYoungGen      total 76288K, used 65536K [0x000000076ab00000, 0x0000000770000000, 0x00000007c0000000)
  eden space 65536K, 100% used [0x000000076ab00000,0x000000076eb00000,0x000000076eb00000)
  from space 10752K, 0% used [0x000000076f580000,0x000000076f580000,0x0000000770000000)
  to   space 10752K, 0% used [0x000000076eb00000,0x000000076eb00000,0x000000076f580000)
 ParOldGen       total 175104K, used 0K [0x00000006c0000000, 0x00000006cab00000, 0x000000076ab00000)
  object space 175104K, 0% used [0x00000006c0000000,0x00000006c0000000,0x00000006cab00000)
 Metaspace       used 20212K, capacity 20631K, committed 20992K, reserved 1069056K
  class space    used 2105K, capacity 2228K, committed 2304K, reserved 1048576K
Event: 8.452 GC heap after
Heap after GC invocations=1 (full 0):
 PSYoungGen      total 76288K, used 9958K [0x000000076ab00000, 0x0000000770000000, 0x00000007c0000000)
  eden space 65536K, 0% used [0x000000076ab00000,0x000000076ab00000,0x000000076eb00000)
  from space 10752K, 92% used [0x000000076eb00000,0x000000076f4b9bc0,0x000000076f580000)
  to   space 10752K, 0% used [0x000000076f580000,0x000000076f580000,0x0000000770000000)
 ParOldGen       total 175104K, used 8K [0x00000006c0000000, 0x00000006cab00000, 0x000000076ab00000)
  object space 175104K, 0% used [0x00000006c0000000,0x00000006c0002000,0x00000006cab00000)
 Metaspace       used 20212K, capacity 20631K, committed 20992K, reserved 1069056K
  class space    used 2105K, capacity 2228K, committed 2304K, reserved 1048576K
}
Event: 8.586 GC heap before
{Heap before GC invocations=2 (full 0):
 PSYoungGen      total 76288K, used 16703K [0x000000076ab00000, 0x0000000770000000, 0x00000007c0000000)
  eden space 65536K, 10% used [0x000000076ab00000,0x000000076b196348,0x000000076eb00000)
  from space 10752K, 92% used [0x000000076eb00000,0x000000076f4b9bc0,0x000000076f580000)
  to   space 10752K, 0% used [0x000000076f580000,0x000000076f580000,0x0000000770000000)
 ParOldGen       total 175104K, used 8K [0x00000006c0000000, 0x00000006cab00000, 0x000000076ab00000)
  object space 175104K, 0% used [0x00000006c0000000,0x00000006c0002000,0x00000006cab00000)
 Metaspace       used 20661K, capacity 21035K, committed 21248K, reserved 1069056K
  class space    used 2158K, capacity 2296K, committed 2304K, reserved 1048576K
Event: 8.603 GC heap after
Heap after GC invocations=2 (full 0):
 PSYoungGen      total 76288K, used 7056K [0x000000076ab00000, 0x0000000774000000, 0x00000007c0000000)
  eden space 65536K, 0% used [0x000000076ab00000,0x000000076ab00000,0x000000076eb00000)
  from space 10752K, 65% used [0x000000076f580000,0x000000076fc64050,0x0000000770000000)
  to   space 10752K, 0% used [0x000000076eb00000,0x000000076eb00000,0x000000076f580000)
 ParOldGen       total 175104K, used 16K [0x00000006c0000000, 0x00000006cab00000, 0x000000076ab00000)
  object space 175104K, 0% used [0x00000006c0000000,0x00000006c0004000,0x00000006cab00000)
 Metaspace       used 20661K, capacity 21035K, committed 21248K, reserved 1069056K
  class space    used 2158K, capacity 2296K, committed 2304K, reserved 1048576K
}
Event: 8.603 GC heap before
{Heap before GC invocations=3 (full 1):
 PSYoungGen      total 76288K, used 7056K [0x000000076ab00000, 0x0000000774000000, 0x00000007c0000000)
  eden space 65536K, 0% used [0x000000076ab00000,0x000000076ab00000,0x000000076eb00000)
  from space 10752K, 65% used [0x000000076f580000,0x000000076fc64050,0x0000000770000000)
  to   space 10752K, 0% used [0x000000076eb00000,0x000000076eb00000,0x000000076f580000)
 ParOldGen       total 175104K, used 16K [0x00000006c0000000, 0x00000006cab00000, 0x000000076ab00000)
  object space 175104K, 0% used [0x00000006c0000000,0x00000006c0004000,0x00000006cab00000)
 Metaspace       used 20661K, capacity 21035K, committed 21248K, reserved 1069056K
  class space    used 2158K, capacity 2296K, committed 2304K, reserved 1048576K
Event: 8.625 GC heap after
Heap after GC invocations=3 (full 1):
 PSYoungGen      total 76288K, used 0K [0x000000076ab00000, 0x0000000774000000, 0x00000007c0000000)
  eden space 65536K, 0% used [0x000000076ab00000,0x000000076ab00000,0x000000076eb00000)
  from space 10752K, 0% used [0x000000076f580000,0x000000076f580000,0x0000000770000000)
  to   space 10752K, 0% used [0x000000076eb00000,0x000000076eb00000,0x000000076f580000)
 ParOldGen       total 75776K, used 6883K [0x00000006c0000000, 0x00000006c4a00000, 0x000000076ab00000)
  object space 75776K, 9% used [0x00000006c0000000,0x00000006c06b8d08,0x00000006c4a00000)
 Metaspace       used 20661K, capacity 21035K, committed 21248K, reserved 1069056K
  class space    used 2158K, capacity 2296K, committed 2304K, reserved 1048576K
}
Event: 15.585 GC heap before
{Heap before GC invocations=4 (full 1):
 PSYoungGen      total 76288K, used 65536K [0x000000076ab00000, 0x0000000774000000, 0x00000007c0000000)
  eden space 65536K, 100% used [0x000000076ab00000,0x000000076eb00000,0x000000076eb00000)
  from space 10752K, 0% used [0x000000076f580000,0x000000076f580000,0x0000000770000000)
  to   space 10752K, 0% used [0x000000076eb00000,0x000000076eb00000,0x000000076f580000)
 ParOldGen       total 75776K, used 6883K [0x00000006c0000000, 0x00000006c4a00000, 0x000000076ab00000)
  object space 75776K, 9% used [0x00000006c0000000,0x00000006c06b8d08,0x00000006c4a00000)
 Metaspace       used 24690K, capacity 25133K, committed 25472K, reserved 1073152K
  class space    used 2495K, capacity 2631K, committed 2688K, reserved 1048576K
Event: 15.594 GC heap after
Heap after GC invocations=4 (full 1):
 PSYoungGen      total 76288K, used 10746K [0x000000076ab00000, 0x0000000773c00000, 0x00000007c0000000)
  eden space 65536K, 0% used [0x000000076ab00000,0x000000076ab00000,0x000000076eb00000)
  from space 10752K, 99% used [0x000000076eb00000,0x000000076f57eae0,0x000000076f580000)
  to   space 10752K, 0% used [0x0000000773180000,0x0000000773180000,0x0000000773c00000)
 ParOldGen       total 75776K, used 9526K [0x00000006c0000000, 0x00000006c4a00000, 0x000000076ab00000)
  object space 75776K, 12% used [0x00000006c0000000,0x00000006c094da40,0x00000006c4a00000)
 Metaspace       used 24690K, capacity 25133K, committed 25472K, reserved 1073152K
  class space    used 2495K, capacity 2631K, committed 2688K, reserved 1048576K
}
Event: 28.718 GC heap before
{Heap before GC invocations=5 (full 1):
 PSYoungGen      total 76288K, used 76282K [0x000000076ab00000, 0x0000000773c00000, 0x00000007c0000000)
  eden space 65536K, 100% used [0x000000076ab00000,0x000000076eb00000,0x000000076eb00000)
  from space 10752K, 99% used [0x000000076eb00000,0x000000076f57eae0,0x000000076f580000)
  to   space 10752K, 0% used [0x0000000773180000,0x0000000773180000,0x0000000773c00000)
 ParOldGen       total 75776K, used 9526K [0x00000006c0000000, 0x00000006c4a00000, 0x000000076ab00000)
  object space 75776K, 12% used [0x00000006c0000000,0x00000006c094da40,0x00000006c4a00000)
 Metaspace       used 24996K, capacity 25389K, committed 25728K, reserved 1073152K
  class space    used 2495K, capacity 2631K, committed 2688K, reserved 1048576K
Event: 28.727 GC heap after
Heap after GC invocations=5 (full 1):
 PSYoungGen      total 136704K, used 10587K [0x000000076ab00000, 0x0000000773c00000, 0x00000007c0000000)
  eden space 125952K, 0% used [0x000000076ab00000,0x000000076ab00000,0x0000000772600000)
  from space 10752K, 98% used [0x0000000773180000,0x0000000773bd6d10,0x0000000773c00000)
  to   space 10752K, 0% used [0x0000000772700000,0x0000000772700000,0x0000000773180000)
 ParOldGen       total 75776K, used 9790K [0x00000006c0000000, 0x00000006c4a00000, 0x000000076ab00000)
  object space 75776K, 12% used [0x00000006c0000000,0x00000006c098fa50,0x00000006c4a00000)
 Metaspace       used 24996K, capacity 25389K, committed 25728K, reserved 1073152K
  class space    used 2495K, capacity 2631K, committed 2688K, reserved 1048576K
}

