# JRE version: Java(TM) SE Runtime Environment (8.0_202-b08) (build 1.8.0_202-b08)
# Java VM: Java HotSpot(TM) 64-Bit Server VM (25.202-b08 mixed mode bsd-amd64 compressed oops)
Heap:
 PSYoungGen      total 76288K, used 38932K [0x000000076ab00000, 0x0000000772c00000, 0x00000007c0000000)
  eden space 65536K, 43% used [0x000000076ab00000,0x000000076c68a588,0x000000076eb00000)
  from space 10752K, 99% used [0x000000076eb00000,0x000000076f57aa98,0x000000076f580000)
  to   space 10752K, 0% used [0x0000000772180000,0x0000000772180000,0x0000000772c00000)
 ParOldGen       total 89600K, used 10673K [0x00000006c0000000, 0x00000006c5780000, 0x000000076ab00000)
  object space 89600K, 11% used [0x00000006c0000000,0x00000006c0a6c5c0,0x00000006c5780000)
 Metaspace       used 24882K, capacity 25315K, committed 25520K, reserved 1073152K
  class space    used 2497K, capacity 2654K, committed 2736K, reserved 1048576K
GC Heap History (8 events):
Event: 3.862 GC heap before
{Heap before GC invocations=1 (full 0):
 PSYoungGen      total 76288K, used 65536K [0x000000076ab00000, 0x0000000770000000, 0x00000007c0000000)
  eden space 65536K, 100% used [0x000000076ab00000,0x000000076eb00000,0x000000076eb00000)
  from space 10752K, 0% used [0x000000076f580000,0x000000076f580000,0x0000000770000000)
  to   space 10752K, 0% used [0x000000076eb00000,0x000000076eb00000,0x000000076f580000)
 ParOldGen       total 175104K, used 0K [0x00000006c0000000, 0x00000006cab00000, 0x000000076ab00000)
  object space 175104K, 0% used [0x00000006c0000000,0x00000006c0000000,0x00000006cab00000)
 Metaspace       used 20218K, capacity 20625K, committed 20736K, reserved 1067008K
  class space    used 2107K, capacity 2229K, committed 2304K, reserved 1048576K
Event: 3.901 GC heap after
Heap after GC invocations=1 (full 0):
 PSYoungGen      total 76288K, used 9999K [0x000000076ab00000, 0x0000000770000000, 0x00000007c0000000)
  eden space 65536K, 0% used [0x000000076ab00000,0x000000076ab00000,0x000000076eb00000)
  from space 10752K, 93% used [0x000000076eb00000,0x000000076f4c3dc8,0x000000076f580000)
  to   space 10752K, 0% used [0x000000076f580000,0x000000076f580000,0x0000000770000000)
 ParOldGen       total 175104K, used 0K [0x00000006c0000000, 0x00000006cab00000, 0x000000076ab00000)
  object space 175104K, 0% used [0x00000006c0000000,0x00000006c0000000,0x00000006cab00000)
 Metaspace       used 20218K, capacity 20625K, committed 20736K, reserved 1067008K
  class space    used 2107K, capacity 2229K, committed 2304K, reserved 1048576K
}
Event: 4.987 GC heap before
{Heap before GC invocations=2 (full 0):
 PSYoungGen      total 76288K, used 17545K [0x000000076ab00000, 0x0000000770000000, 0x00000007c0000000)
  eden space 65536K, 11% used [0x000000076ab00000,0x000000076b25e948,0x000000076eb00000)
  from space 10752K, 93% used [0x000000076eb00000,0x000000076f4c3dc8,0x000000076f580000)
  to   space 10752K, 0% used [0x000000076f580000,0x000000076f580000,0x0000000770000000)
 ParOldGen       total 175104K, used 0K [0x00000006c0000000, 0x00000006cab00000, 0x000000076ab00000)
  object space 175104K, 0% used [0x00000006c0000000,0x00000006c0000000,0x00000006cab00000)
 Metaspace       used 20869K, capacity 21253K, committed 21296K, reserved 1069056K
  class space    used 2180K, capacity 2329K, committed 2352K, reserved 1048576K
Event: 5.017 GC heap after
Heap after GC invocations=2 (full 0):
 PSYoungGen      total 76288K, used 7120K [0x000000076ab00000, 0x0000000774000000, 0x00000007c0000000)
  eden space 65536K, 0% used [0x000000076ab00000,0x000000076ab00000,0x000000076eb00000)
  from space 10752K, 66% used [0x000000076f580000,0x000000076fc74070,0x0000000770000000)
  to   space 10752K, 0% used [0x000000076eb00000,0x000000076eb00000,0x000000076f580000)
 ParOldGen       total 175104K, used 8K [0x00000006c0000000, 0x00000006cab00000, 0x000000076ab00000)
  object space 175104K, 0% used [0x00000006c0000000,0x00000006c0002000,0x00000006cab00000)
 Metaspace       used 20869K, capacity 21253K, committed 21296K, reserved 1069056K
  class space    used 2180K, capacity 2329K, committed 2352K, reserved 1048576K
}
Event: 5.017 GC heap before
{Heap before GC invocations=3 (full 1):
 PSYoungGen      total 76288K, used 7120K [0x000000076ab00000, 0x0000000774000000, 0x00000007c0000000)
  eden space 65536K, 0% used [0x000000076ab00000,0x000000076ab00000,0x000000076eb00000)
  from space 10752K, 66% used [0x000000076f580000,0x000000076fc74070,0x0000000770000000)
  to   space 10752K, 0% used [0x000000076eb00000,0x000000076eb00000,0x000000076f580000)
 ParOldGen       total 175104K, used 8K [0x00000006c0000000, 0x00000006cab00000, 0x000000076ab00000)
  object space 175104K, 0% used [0x00000006c0000000,0x00000006c0002000,0x00000006cab00000)
 Metaspace       used 20869K, capacity 21253K, committed 21296K, reserved 1069056K
  class space    used 2180K, capacity 2329K, committed 2352K, reserved 1048576K
Event: 5.047 GC heap after
Heap after GC invocations=3 (full 1):
 PSYoungGen      total 76288K, used 0K [0x000000076ab00000, 0x0000000774000000, 0x00000007c0000000)
  eden space 65536K, 0% used [0x000000076ab00000,0x000000076ab00000,0x000000076eb00000)
  from space 10752K, 0% used [0x000000076f580000,0x000000076f580000,0x0000000770000000)
  to   space 10752K, 0% used [0x000000076eb00000,0x000000076eb00000,0x000000076f580000)
 ParOldGen       total 89600K, used 6932K [0x00000006c0000000, 0x00000006c5780000, 0x000000076ab00000)
  object space 89600K, 7% used [0x00000006c0000000,0x00000006c06c5060,0x00000006c5780000)
 Metaspace       used 20868K, capacity 21251K, committed 21296K, reserved 1069056K
  class space    used 2180K, capacity 2328K, committed 2352K, reserved 1048576K
}
Event: 9.420 GC heap before
{Heap before GC invocations=4 (full 1):
 PSYoungGen      total 76288K, used 65536K [0x000000076ab00000, 0x0000000774000000, 0x00000007c0000000)
  eden space 65536K, 100% used [0x000000076ab00000,0x000000076eb00000,0x000000076eb00000)
  from space 10752K, 0% used [0x000000076f580000,0x000000076f580000,0x0000000770000000)
  to   space 10752K, 0% used [0x000000076eb00000,0x000000076eb00000,0x000000076f580000)
 ParOldGen       total 89600K, used 6932K [0x00000006c0000000, 0x00000006c5780000, 0x000000076ab00000)
  object space 89600K, 7% used [0x00000006c0000000,0x00000006c06c5060,0x00000006c5780000)
 Metaspace       used 24556K, capacity 24921K, committed 25136K, reserved 1071104K
  class space    used 2479K, capacity 2587K, committed 2608K, reserved 1048576K
Event: 9.434 GC heap after
Heap after GC invocations=4 (full 1):
 PSYoungGen      total 76288K, used 10730K [0x000000076ab00000, 0x0000000772c00000, 0x00000007c0000000)
  eden space 65536K, 0% used [0x000000076ab00000,0x000000076ab00000,0x000000076eb00000)
  from space 10752K, 99% used [0x000000076eb00000,0x000000076f57aa98,0x000000076f580000)
  to   space 10752K, 0% used [0x0000000772180000,0x0000000772180000,0x0000000772c00000)
 ParOldGen       total 89600K, used 10673K [0x00000006c0000000, 0x00000006c5780000, 0x000000076ab00000)
  object space 89600K, 11% used [0x00000006c0000000,0x00000006c0a6c5c0,0x00000006c5780000)
 Metaspace       used 24556K, capacity 24921K, committed 25136K, reserved 1071104K
  class space    used 2479K, capacity 2587K, committed 2608K, reserved 1048576K
}

