# JRE version: Java(TM) SE Runtime Environment (8.0_202-b08) (build 1.8.0_202-b08)
# Java VM: Java HotSpot(TM) 64-Bit Server VM (25.202-b08 mixed mode bsd-amd64 compressed oops)
Heap:
 PSYoungGen      total 329216K, used 39741K [0x000000076ab00000, 0x000000078fe00000, 0x00000007c0000000)
  eden space 327168K, 11% used [0x000000076ab00000,0x000000076cfff630,0x000000077ea80000)
  from space 2048K, 90% used [0x000000078df80000,0x000000078e150060,0x000000078e180000)
  to   space 16384K, 0% used [0x000000078ee00000,0x000000078ee00000,0x000000078fe00000)
 ParOldGen       total 175104K, used 140163K [0x00000006c0000000, 0x00000006cab00000, 0x000000076ab00000)
  object space 175104K, 80% used [0x00000006c0000000,0x00000006c88e0e58,0x00000006cab00000)
 Metaspace       used 20599K, capacity 20939K, committed 21120K, reserved 1069056K
  class space    used 1995K, capacity 2100K, committed 2176K, reserved 1048576K
GC Heap History (10 events):
Event: 107.956 GC heap before
{Heap before GC invocations=27 (full 0):
 PSYoungGen      total 410112K, used 409760K [0x000000076ab00000, 0x0000000792680000, 0x00000007c0000000)
  eden space 404992K, 100% used [0x000000076ab00000,0x0000000783680000,0x0000000783680000)
  from space 5120K, 93% used [0x0000000792180000,0x0000000792628130,0x0000000792680000)
  to   space 20992K, 0% used [0x000000078fd80000,0x000000078fd80000,0x0000000791200000)
 ParOldGen       total 175104K, used 125634K [0x00000006c0000000, 0x00000006cab00000, 0x000000076ab00000)
  object space 175104K, 71% used [0x00000006c0000000,0x00000006c7ab0938,0x00000006cab00000)
 Metaspace       used 20413K, capacity 20775K, committed 21120K, reserved 1069056K
  class space    used 1957K, capacity 2066K, committed 2176K, reserved 1048576K
Event: 107.966 GC heap after
Heap after GC invocations=27 (full 0):
 PSYoungGen      total 391680K, used 3744K [0x000000076ab00000, 0x0000000792200000, 0x00000007c0000000)
  eden space 387584K, 0% used [0x000000076ab00000,0x000000076ab00000,0x0000000782580000)
  from space 4096K, 91% used [0x000000078fd80000,0x00000007901280f0,0x0000000790180000)
  to   space 19968K, 0% used [0x0000000790e80000,0x0000000790e80000,0x0000000792200000)
 ParOldGen       total 175104K, used 129290K [0x00000006c0000000, 0x00000006cab00000, 0x000000076ab00000)
  object space 175104K, 73% used [0x00000006c0000000,0x00000006c7e42a18,0x00000006cab00000)
 Metaspace       used 20413K, capacity 20775K, committed 21120K, reserved 1069056K
  class space    used 1957K, capacity 2066K, committed 2176K, reserved 1048576K
}
Event: 111.119 GC heap before
{Heap before GC invocations=28 (full 0):
 PSYoungGen      total 391680K, used 391328K [0x000000076ab00000, 0x0000000792200000, 0x00000007c0000000)
  eden space 387584K, 100% used [0x000000076ab00000,0x0000000782580000,0x0000000782580000)
  from space 4096K, 91% used [0x000000078fd80000,0x00000007901280f0,0x0000000790180000)
  to   space 19968K, 0% used [0x0000000790e80000,0x0000000790e80000,0x0000000792200000)
 ParOldGen       total 175104K, used 129290K [0x00000006c0000000, 0x00000006cab00000, 0x000000076ab00000)
  object space 175104K, 73% used [0x00000006c0000000,0x00000006c7e42a18,0x00000006cab00000)
 Metaspace       used 20422K, capacity 20775K, committed 21120K, reserved 1069056K
  class space    used 1957K, capacity 2066K, committed 2176K, reserved 1048576K
Event: 111.121 GC heap after
Heap after GC invocations=28 (full 0):
 PSYoungGen      total 373248K, used 1872K [0x000000076ab00000, 0x0000000791080000, 0x00000007c0000000)
  eden space 371200K, 0% used [0x000000076ab00000,0x000000076ab00000,0x0000000781580000)
  from space 2048K, 91% used [0x0000000790e80000,0x0000000791054070,0x0000000791080000)
  to   space 18944K, 0% used [0x000000078eb80000,0x000000078eb80000,0x000000078fe00000)
 ParOldGen       total 175104K, used 132586K [0x00000006c0000000, 0x00000006cab00000, 0x000000076ab00000)
  object space 175104K, 75% used [0x00000006c0000000,0x00000006c817ab98,0x00000006cab00000)
 Metaspace       used 20422K, capacity 20775K, committed 21120K, reserved 1069056K
  class space    used 1957K, capacity 2066K, committed 2176K, reserved 1048576K
}
Event: 114.081 GC heap before
{Heap before GC invocations=29 (full 0):
 PSYoungGen      total 373248K, used 373072K [0x000000076ab00000, 0x0000000791080000, 0x00000007c0000000)
  eden space 371200K, 100% used [0x000000076ab00000,0x0000000781580000,0x0000000781580000)
  from space 2048K, 91% used [0x0000000790e80000,0x0000000791054070,0x0000000791080000)
  to   space 18944K, 0% used [0x000000078eb80000,0x000000078eb80000,0x000000078fe00000)
 ParOldGen       total 175104K, used 132586K [0x00000006c0000000, 0x00000006cab00000, 0x000000076ab00000)
  object space 175104K, 75% used [0x00000006c0000000,0x00000006c817ab98,0x00000006cab00000)
 Metaspace       used 20423K, capacity 20775K, committed 21120K, reserved 1069056K
  class space    used 1957K, capacity 2066K, committed 2176K, reserved 1048576K
Event: 114.083 GC heap after
Heap after GC invocations=29 (full 0):
 PSYoungGen      total 360448K, used 4208K [0x000000076ab00000, 0x0000000790f00000, 0x00000007c0000000)
  eden space 355840K, 0% used [0x000000076ab00000,0x000000076ab00000,0x0000000780680000)
  from space 4608K, 91% used [0x000000078eb80000,0x000000078ef9c100,0x000000078f000000)
  to   space 17920K, 0% used [0x000000078fd80000,0x000000078fd80000,0x0000000790f00000)
 ParOldGen       total 175104K, used 133970K [0x00000006c0000000, 0x00000006cab00000, 0x000000076ab00000)
  object space 175104K, 76% used [0x00000006c0000000,0x00000006c82d4be8,0x00000006cab00000)
 Metaspace       used 20423K, capacity 20775K, committed 21120K, reserved 1069056K
  class space    used 1957K, capacity 2066K, committed 2176K, reserved 1048576K
}
Event: 117.619 GC heap before
{Heap before GC invocations=30 (full 0):
 PSYoungGen      total 360448K, used 360048K [0x000000076ab00000, 0x0000000790f00000, 0x00000007c0000000)
  eden space 355840K, 100% used [0x000000076ab00000,0x0000000780680000,0x0000000780680000)
  from space 4608K, 91% used [0x000000078eb80000,0x000000078ef9c100,0x000000078f000000)
  to   space 17920K, 0% used [0x000000078fd80000,0x000000078fd80000,0x0000000790f00000)
 ParOldGen       total 175104K, used 133970K [0x00000006c0000000, 0x00000006cab00000, 0x000000076ab00000)
  object space 175104K, 76% used [0x00000006c0000000,0x00000006c82d4be8,0x00000006cab00000)
 Metaspace       used 20427K, capacity 20775K, committed 21120K, reserved 1069056K
  class space    used 1957K, capacity 2066K, committed 2176K, reserved 1048576K
Event: 117.625 GC heap after
Heap after GC invocations=30 (full 0):
 PSYoungGen      total 344064K, used 2656K [0x000000076ab00000, 0x0000000790080000, 0x00000007c0000000)
  eden space 340992K, 0% used [0x000000076ab00000,0x000000076ab00000,0x000000077f800000)
  from space 3072K, 86% used [0x000000078fd80000,0x00000007900180b0,0x0000000790080000)
  to   space 16896K, 0% used [0x000000078df80000,0x000000078df80000,0x000000078f000000)
 ParOldGen       total 175104K, used 137715K [0x00000006c0000000, 0x00000006cab00000, 0x000000076ab00000)
  object space 175104K, 78% used [0x00000006c0000000,0x00000006c867cd48,0x00000006cab00000)
 Metaspace       used 20427K, capacity 20775K, committed 21120K, reserved 1069056K
  class space    used 1957K, capacity 2066K, committed 2176K, reserved 1048576K
}
Event: 120.627 GC heap before
{Heap before GC invocations=31 (full 0):
 PSYoungGen      total 344064K, used 343648K [0x000000076ab00000, 0x0000000790080000, 0x00000007c0000000)
  eden space 340992K, 100% used [0x000000076ab00000,0x000000077f800000,0x000000077f800000)
  from space 3072K, 86% used [0x000000078fd80000,0x00000007900180b0,0x0000000790080000)
  to   space 16896K, 0% used [0x000000078df80000,0x000000078df80000,0x000000078f000000)
 ParOldGen       total 175104K, used 137715K [0x00000006c0000000, 0x00000006cab00000, 0x000000076ab00000)
  object space 175104K, 78% used [0x00000006c0000000,0x00000006c867cd48,0x00000006cab00000)
 Metaspace       used 20550K, capacity 20935K, committed 21120K, reserved 1069056K
  class space    used 1986K, capacity 2098K, committed 2176K, reserved 1048576K
Event: 120.632 GC heap after
Heap after GC invocations=31 (full 0):
 PSYoungGen      total 329216K, used 1856K [0x000000076ab00000, 0x000000078fe00000, 0x00000007c0000000)
  eden space 327168K, 0% used [0x000000076ab00000,0x000000076ab00000,0x000000077ea80000)
  from space 2048K, 90% used [0x000000078df80000,0x000000078e150060,0x000000078e180000)
  to   space 16384K, 0% used [0x000000078ee00000,0x000000078ee00000,0x000000078fe00000)
 ParOldGen       total 175104K, used 140163K [0x00000006c0000000, 0x00000006cab00000, 0x000000076ab00000)
  object space 175104K, 80% used [0x00000006c0000000,0x00000006c88e0e58,0x00000006cab00000)
 Metaspace       used 20550K, capacity 20935K, committed 21120K, reserved 1069056K
  class space    used 1986K, capacity 2098K, committed 2176K, reserved 1048576K
}

