# JRE version: Java(TM) SE Runtime Environment (8.0_202-b08) (build 1.8.0_202-b08)
# Java VM: Java HotSpot(TM) 64-Bit Server VM (25.202-b08 mixed mode bsd-amd64 compressed oops)
Heap:
 PSYoungGen      total 118784K, used 75069K [0x000000076ab00000, 0x0000000772c80000, 0x00000007c0000000)
  eden space 108032K, 59% used [0x000000076ab00000,0x000000076e9cffe8,0x0000000771480000)
  from space 10752K, 99% used [0x0000000772200000,0x0000000772c7f5f0,0x0000000772c80000)
  to   space 10752K, 0% used [0x0000000771780000,0x0000000771780000,0x0000000772200000)
 ParOldGen       total 89600K, used 10733K [0x00000006c0000000, 0x00000006c5780000, 0x000000076ab00000)
  object space 89600K, 11% used [0x00000006c0000000,0x00000006c0a7b410,0x00000006c5780000)
 Metaspace       used 25330K, capacity 25711K, committed 26032K, reserved 1073152K
  class space    used 2520K, capacity 2632K, committed 2736K, reserved 1048576K
GC Heap History (10 events):
Event: 5.538 GC heap before
{Heap before GC invocations=1 (full 0):
 PSYoungGen      total 76288K, used 65536K [0x000000076ab00000, 0x0000000770000000, 0x00000007c0000000)
  eden space 65536K, 100% used [0x000000076ab00000,0x000000076eb00000,0x000000076eb00000)
  from space 10752K, 0% used [0x000000076f580000,0x000000076f580000,0x0000000770000000)
  to   space 10752K, 0% used [0x000000076eb00000,0x000000076eb00000,0x000000076f580000)
 ParOldGen       total 175104K, used 0K [0x00000006c0000000, 0x00000006cab00000, 0x000000076ab00000)
  object space 175104K, 0% used [0x00000006c0000000,0x00000006c0000000,0x00000006cab00000)
 Metaspace       used 19978K, capacity 20325K, committed 20480K, reserved 1067008K
  class space    used 2070K, capacity 2193K, committed 2304K, reserved 1048576K
Event: 5.560 GC heap after
Heap after GC invocations=1 (full 0):
 PSYoungGen      total 76288K, used 9995K [0x000000076ab00000, 0x0000000770000000, 0x00000007c0000000)
  eden space 65536K, 0% used [0x000000076ab00000,0x000000076ab00000,0x000000076eb00000)
  from space 10752K, 92% used [0x000000076eb00000,0x000000076f4c2ee8,0x000000076f580000)
  to   space 10752K, 0% used [0x000000076f580000,0x000000076f580000,0x0000000770000000)
 ParOldGen       total 175104K, used 8K [0x00000006c0000000, 0x00000006cab00000, 0x000000076ab00000)
  object space 175104K, 0% used [0x00000006c0000000,0x00000006c0002000,0x00000006cab00000)
 Metaspace       used 19978K, capacity 20325K, committed 20480K, reserved 1067008K
  class space    used 2070K, capacity 2193K, committed 2304K, reserved 1048576K
}
Event: 6.737 GC heap before
{Heap before GC invocations=2 (full 0):
 PSYoungGen      total 76288K, used 18927K [0x000000076ab00000, 0x0000000770000000, 0x00000007c0000000)
  eden space 65536K, 13% used [0x000000076ab00000,0x000000076b3b9000,0x000000076eb00000)
  from space 10752K, 92% used [0x000000076eb00000,0x000000076f4c2ee8,0x000000076f580000)
  to   space 10752K, 0% used [0x000000076f580000,0x000000076f580000,0x0000000770000000)
 ParOldGen       total 175104K, used 8K [0x00000006c0000000, 0x00000006cab00000, 0x000000076ab00000)
  object space 175104K, 0% used [0x00000006c0000000,0x00000006c0002000,0x00000006cab00000)
 Metaspace       used 20864K, capacity 21241K, committed 21296K, reserved 1069056K
  class space    used 2170K, capacity 2325K, committed 2352K, reserved 1048576K
Event: 6.759 GC heap after
Heap after GC invocations=2 (full 0):
 PSYoungGen      total 76288K, used 7362K [0x000000076ab00000, 0x0000000774000000, 0x00000007c0000000)
  eden space 65536K, 0% used [0x000000076ab00000,0x000000076ab00000,0x000000076eb00000)
  from space 10752K, 68% used [0x000000076f580000,0x000000076fcb0890,0x0000000770000000)
  to   space 10752K, 0% used [0x000000076eb00000,0x000000076eb00000,0x000000076f580000)
 ParOldGen       total 175104K, used 16K [0x00000006c0000000, 0x00000006cab00000, 0x000000076ab00000)
  object space 175104K, 0% used [0x00000006c0000000,0x00000006c0004000,0x00000006cab00000)
 Metaspace       used 20864K, capacity 21241K, committed 21296K, reserved 1069056K
  class space    used 2170K, capacity 2325K, committed 2352K, reserved 1048576K
}
Event: 6.759 GC heap before
{Heap before GC invocations=3 (full 1):
 PSYoungGen      total 76288K, used 7362K [0x000000076ab00000, 0x0000000774000000, 0x00000007c0000000)
  eden space 65536K, 0% used [0x000000076ab00000,0x000000076ab00000,0x000000076eb00000)
  from space 10752K, 68% used [0x000000076f580000,0x000000076fcb0890,0x0000000770000000)
  to   space 10752K, 0% used [0x000000076eb00000,0x000000076eb00000,0x000000076f580000)
 ParOldGen       total 175104K, used 16K [0x00000006c0000000, 0x00000006cab00000, 0x000000076ab00000)
  object space 175104K, 0% used [0x00000006c0000000,0x00000006c0004000,0x00000006cab00000)
 Metaspace       used 20864K, capacity 21241K, committed 21296K, reserved 1069056K
  class space    used 2170K, capacity 2325K, committed 2352K, reserved 1048576K
Event: 6.783 GC heap after
Heap after GC invocations=3 (full 1):
 PSYoungGen      total 76288K, used 0K [0x000000076ab00000, 0x0000000774000000, 0x00000007c0000000)
  eden space 65536K, 0% used [0x000000076ab00000,0x000000076ab00000,0x000000076eb00000)
  from space 10752K, 0% used [0x000000076f580000,0x000000076f580000,0x0000000770000000)
  to   space 10752K, 0% used [0x000000076eb00000,0x000000076eb00000,0x000000076f580000)
 ParOldGen       total 89600K, used 7150K [0x00000006c0000000, 0x00000006c5780000, 0x000000076ab00000)
  object space 89600K, 7% used [0x00000006c0000000,0x00000006c06fb850,0x00000006c5780000)
 Metaspace       used 20864K, capacity 21241K, committed 21296K, reserved 1069056K
  class space    used 2170K, capacity 2325K, committed 2352K, reserved 1048576K
}
Event: 10.200 GC heap before
{Heap before GC invocations=4 (full 1):
 PSYoungGen      total 76288K, used 65536K [0x000000076ab00000, 0x0000000774000000, 0x00000007c0000000)
  eden space 65536K, 100% used [0x000000076ab00000,0x000000076eb00000,0x000000076eb00000)
  from space 10752K, 0% used [0x000000076f580000,0x000000076f580000,0x0000000770000000)
  to   space 10752K, 0% used [0x000000076eb00000,0x000000076eb00000,0x000000076f580000)
 ParOldGen       total 89600K, used 7150K [0x00000006c0000000, 0x00000006c5780000, 0x000000076ab00000)
  object space 89600K, 7% used [0x00000006c0000000,0x00000006c06fb850,0x00000006c5780000)
 Metaspace       used 24520K, capacity 24897K, committed 25136K, reserved 1071104K
  class space    used 2471K, capacity 2597K, committed 2608K, reserved 1048576K
Event: 10.210 GC heap after
Heap after GC invocations=4 (full 1):
 PSYoungGen      total 76288K, used 10750K [0x000000076ab00000, 0x0000000772c80000, 0x00000007c0000000)
  eden space 65536K, 0% used [0x000000076ab00000,0x000000076ab00000,0x000000076eb00000)
  from space 10752K, 99% used [0x000000076eb00000,0x000000076f57f830,0x000000076f580000)
  to   space 10752K, 0% used [0x0000000772200000,0x0000000772200000,0x0000000772c80000)
 ParOldGen       total 89600K, used 10725K [0x00000006c0000000, 0x00000006c5780000, 0x000000076ab00000)
  object space 89600K, 11% used [0x00000006c0000000,0x00000006c0a79410,0x00000006c5780000)
 Metaspace       used 24520K, capacity 24897K, committed 25136K, reserved 1071104K
  class space    used 2471K, capacity 2597K, committed 2608K, reserved 1048576K
}
Event: 15.153 GC heap before
{Heap before GC invocations=5 (full 1):
 PSYoungGen      total 76288K, used 76286K [0x000000076ab00000, 0x0000000772c80000, 0x00000007c0000000)
  eden space 65536K, 100% used [0x000000076ab00000,0x000000076eb00000,0x000000076eb00000)
  from space 10752K, 99% used [0x000000076eb00000,0x000000076f57f830,0x000000076f580000)
  to   space 10752K, 0% used [0x0000000772200000,0x0000000772200000,0x0000000772c80000)
 ParOldGen       total 89600K, used 10725K [0x00000006c0000000, 0x00000006c5780000, 0x000000076ab00000)
  object space 89600K, 11% used [0x00000006c0000000,0x00000006c0a79410,0x00000006c5780000)
 Metaspace       used 25196K, capacity 25583K, committed 25776K, reserved 1073152K
  class space    used 2512K, capacity 2632K, committed 2736K, reserved 1048576K
Event: 15.166 GC heap after
Heap after GC invocations=5 (full 1):
 PSYoungGen      total 118784K, used 10749K [0x000000076ab00000, 0x0000000772c80000, 0x00000007c0000000)
  eden space 108032K, 0% used [0x000000076ab00000,0x000000076ab00000,0x0000000771480000)
  from space 10752K, 99% used [0x0000000772200000,0x0000000772c7f5f0,0x0000000772c80000)
  to   space 10752K, 0% used [0x0000000771780000,0x0000000771780000,0x0000000772200000)
 ParOldGen       total 89600K, used 10733K [0x00000006c0000000, 0x00000006c5780000, 0x000000076ab00000)
  object space 89600K, 11% used [0x00000006c0000000,0x00000006c0a7b410,0x00000006c5780000)
 Metaspace       used 25196K, capacity 25583K, committed 25776K, reserved 1073152K
  class space    used 2512K, capacity 2632K, committed 2736K, reserved 1048576K
}

