# JRE version: Java(TM) SE Runtime Environment (8.0_202-b08) (build 1.8.0_202-b08)
# Java VM: Java HotSpot(TM) 64-Bit Server VM (25.202-b08 mixed mode bsd-amd64 compressed oops)
Heap:
 PSYoungGen      total 34304K, used 9958K [0x000000076ab00000, 0x000000076cd80000, 0x00000007c0000000)
  eden space 33792K, 28% used [0x000000076ab00000,0x000000076b4799e0,0x000000076cc00000)
  from space 512K, 50% used [0x000000076cd00000,0x000000076cd40000,0x000000076cd80000)
  to   space 512K, 0% used [0x000000076cc80000,0x000000076cc80000,0x000000076cd00000)
 ParOldGen       total 84992K, used 21458K [0x00000006c0000000, 0x00000006c5300000, 0x000000076ab00000)
  object space 84992K, 25% used [0x00000006c0000000,0x00000006c14f49b8,0x00000006c5300000)
 Metaspace       used 25213K, capacity 25641K, committed 25984K, reserved 1073152K
  class space    used 2519K, capacity 2629K, committed 2688K, reserved 1048576K
GC Heap History (10 events):
Event: 45503.110 GC heap before
{Heap before GC invocations=9097 (full 1):
 PSYoungGen      total 34304K, used 33920K [0x000000076ab00000, 0x000000076cd80000, 0x00000007c0000000)
  eden space 33792K, 100% used [0x000000076ab00000,0x000000076cc00000,0x000000076cc00000)
  from space 512K, 25% used [0x000000076cc80000,0x000000076cca0000,0x000000076cd00000)
  to   space 512K, 0% used [0x000000076cd00000,0x000000076cd00000,0x000000076cd80000)
 ParOldGen       total 84992K, used 21458K [0x00000006c0000000, 0x00000006c5300000, 0x000000076ab00000)
  object space 84992K, 25% used [0x00000006c0000000,0x00000006c14f49b8,0x00000006c5300000)
 Metaspace       used 24934K, capacity 25331K, committed 25728K, reserved 1073152K
  class space    used 2466K, capacity 2592K, committed 2688K, reserved 1048576K
Event: 45503.113 GC heap after
Heap after GC invocations=9097 (full 1):
 PSYoungGen      total 34304K, used 128K [0x000000076ab00000, 0x000000076cd80000, 0x00000007c0000000)
  eden space 33792K, 0% used [0x000000076ab00000,0x000000076ab00000,0x000000076cc00000)
  from space 512K, 25% used [0x000000076cd00000,0x000000076cd20000,0x000000076cd80000)
  to   space 512K, 0% used [0x000000076cc80000,0x000000076cc80000,0x000000076cd00000)
 ParOldGen       total 84992K, used 21458K [0x00000006c0000000, 0x00000006c5300000, 0x000000076ab00000)
  object space 84992K, 25% used [0x00000006c0000000,0x00000006c14f49b8,0x00000006c5300000)
 Metaspace       used 24934K, capacity 25331K, committed 25728K, reserved 1073152K
  class space    used 2466K, capacity 2592K, committed 2688K, reserved 1048576K
}
Event: 45508.095 GC heap before
{Heap before GC invocations=9098 (full 1):
 PSYoungGen      total 34304K, used 33920K [0x000000076ab00000, 0x000000076cd80000, 0x00000007c0000000)
  eden space 33792K, 100% used [0x000000076ab00000,0x000000076cc00000,0x000000076cc00000)
  from space 512K, 25% used [0x000000076cd00000,0x000000076cd20000,0x000000076cd80000)
  to   space 512K, 0% used [0x000000076cc80000,0x000000076cc80000,0x000000076cd00000)
 ParOldGen       total 84992K, used 21458K [0x00000006c0000000, 0x00000006c5300000, 0x000000076ab00000)
  object space 84992K, 25% used [0x00000006c0000000,0x00000006c14f49b8,0x00000006c5300000)
 Metaspace       used 24934K, capacity 25331K, committed 25728K, reserved 1073152K
  class space    used 2466K, capacity 2592K, committed 2688K, reserved 1048576K
Event: 45508.098 GC heap after
Heap after GC invocations=9098 (full 1):
 PSYoungGen      total 34304K, used 128K [0x000000076ab00000, 0x000000076cd80000, 0x00000007c0000000)
  eden space 33792K, 0% used [0x000000076ab00000,0x000000076ab00000,0x000000076cc00000)
  from space 512K, 25% used [0x000000076cc80000,0x000000076cca0000,0x000000076cd00000)
  to   space 512K, 0% used [0x000000076cd00000,0x000000076cd00000,0x000000076cd80000)
 ParOldGen       total 84992K, used 21458K [0x00000006c0000000, 0x00000006c5300000, 0x000000076ab00000)
  object space 84992K, 25% used [0x00000006c0000000,0x00000006c14f49b8,0x00000006c5300000)
 Metaspace       used 24934K, capacity 25331K, committed 25728K, reserved 1073152K
  class space    used 2466K, capacity 2592K, committed 2688K, reserved 1048576K
}
Event: 45513.091 GC heap before
{Heap before GC invocations=9099 (full 1):
 PSYoungGen      total 34304K, used 33920K [0x000000076ab00000, 0x000000076cd80000, 0x00000007c0000000)
  eden space 33792K, 100% used [0x000000076ab00000,0x000000076cc00000,0x000000076cc00000)
  from space 512K, 25% used [0x000000076cc80000,0x000000076cca0000,0x000000076cd00000)
  to   space 512K, 0% used [0x000000076cd00000,0x000000076cd00000,0x000000076cd80000)
 ParOldGen       total 84992K, used 21458K [0x00000006c0000000, 0x00000006c5300000, 0x000000076ab00000)
  object space 84992K, 25% used [0x00000006c0000000,0x00000006c14f49b8,0x00000006c5300000)
 Metaspace       used 24934K, capacity 25331K, committed 25728K, reserved 1073152K
  class space    used 2466K, capacity 2592K, committed 2688K, reserved 1048576K
Event: 45513.094 GC heap after
Heap after GC invocations=9099 (full 1):
 PSYoungGen      total 34304K, used 128K [0x000000076ab00000, 0x000000076cd80000, 0x00000007c0000000)
  eden space 33792K, 0% used [0x000000076ab00000,0x000000076ab00000,0x000000076cc00000)
  from space 512K, 25% used [0x000000076cd00000,0x000000076cd20000,0x000000076cd80000)
  to   space 512K, 0% used [0x000000076cc80000,0x000000076cc80000,0x000000076cd00000)
 ParOldGen       total 84992K, used 21458K [0x00000006c0000000, 0x00000006c5300000, 0x000000076ab00000)
  object space 84992K, 25% used [0x00000006c0000000,0x00000006c14f49b8,0x00000006c5300000)
 Metaspace       used 24934K, capacity 25331K, committed 25728K, reserved 1073152K
  class space    used 2466K, capacity 2592K, committed 2688K, reserved 1048576K
}
Event: 45518.090 GC heap before
{Heap before GC invocations=9100 (full 1):
 PSYoungGen      total 34304K, used 33920K [0x000000076ab00000, 0x000000076cd80000, 0x00000007c0000000)
  eden space 33792K, 100% used [0x000000076ab00000,0x000000076cc00000,0x000000076cc00000)
  from space 512K, 25% used [0x000000076cd00000,0x000000076cd20000,0x000000076cd80000)
  to   space 512K, 0% used [0x000000076cc80000,0x000000076cc80000,0x000000076cd00000)
 ParOldGen       total 84992K, used 21458K [0x00000006c0000000, 0x00000006c5300000, 0x000000076ab00000)
  object space 84992K, 25% used [0x00000006c0000000,0x00000006c14f49b8,0x00000006c5300000)
 Metaspace       used 24934K, capacity 25331K, committed 25728K, reserved 1073152K
  class space    used 2466K, capacity 2592K, committed 2688K, reserved 1048576K
Event: 45518.093 GC heap after
Heap after GC invocations=9100 (full 1):
 PSYoungGen      total 34304K, used 64K [0x000000076ab00000, 0x000000076cd80000, 0x00000007c0000000)
  eden space 33792K, 0% used [0x000000076ab00000,0x000000076ab00000,0x000000076cc00000)
  from space 512K, 12% used [0x000000076cc80000,0x000000076cc90000,0x000000076cd00000)
  to   space 512K, 0% used [0x000000076cd00000,0x000000076cd00000,0x000000076cd80000)
 ParOldGen       total 84992K, used 21458K [0x00000006c0000000, 0x00000006c5300000, 0x000000076ab00000)
  object space 84992K, 25% used [0x00000006c0000000,0x00000006c14f49b8,0x00000006c5300000)
 Metaspace       used 24934K, capacity 25331K, committed 25728K, reserved 1073152K
  class space    used 2466K, capacity 2592K, committed 2688K, reserved 1048576K
}
Event: 45524.805 GC heap before
{Heap before GC invocations=9101 (full 1):
 PSYoungGen      total 34304K, used 33856K [0x000000076ab00000, 0x000000076cd80000, 0x00000007c0000000)
  eden space 33792K, 100% used [0x000000076ab00000,0x000000076cc00000,0x000000076cc00000)
  from space 512K, 12% used [0x000000076cc80000,0x000000076cc90000,0x000000076cd00000)
  to   space 512K, 0% used [0x000000076cd00000,0x000000076cd00000,0x000000076cd80000)
 ParOldGen       total 84992K, used 21458K [0x00000006c0000000, 0x00000006c5300000, 0x000000076ab00000)
  object space 84992K, 25% used [0x00000006c0000000,0x00000006c14f49b8,0x00000006c5300000)
 Metaspace       used 25148K, capacity 25573K, committed 25984K, reserved 1073152K
  class space    used 2506K, capacity 2627K, committed 2688K, reserved 1048576K
Event: 45524.806 GC heap after
Heap after GC invocations=9101 (full 1):
 PSYoungGen      total 34304K, used 256K [0x000000076ab00000, 0x000000076cd80000, 0x00000007c0000000)
  eden space 33792K, 0% used [0x000000076ab00000,0x000000076ab00000,0x000000076cc00000)
  from space 512K, 50% used [0x000000076cd00000,0x000000076cd40000,0x000000076cd80000)
  to   space 512K, 0% used [0x000000076cc80000,0x000000076cc80000,0x000000076cd00000)
 ParOldGen       total 84992K, used 21458K [0x00000006c0000000, 0x00000006c5300000, 0x000000076ab00000)
  object space 84992K, 25% used [0x00000006c0000000,0x00000006c14f49b8,0x00000006c5300000)
 Metaspace       used 25148K, capacity 25573K, committed 25984K, reserved 1073152K
  class space    used 2506K, capacity 2627K, committed 2688K, reserved 1048576K
}

