# JRE version: Java(TM) SE Runtime Environment (8.0_202-b08) (build 1.8.0_202-b08)
# Java VM: Java HotSpot(TM) 64-Bit Server VM (25.202-b08 mixed mode bsd-amd64 compressed oops)
Heap:
 PSYoungGen      total 76288K, used 67051K [0x000000076ab00000, 0x0000000773a00000, 0x00000007c0000000)
  eden space 65536K, 85% used [0x000000076ab00000,0x000000076e1fccf0,0x000000076eb00000)
  from space 10752K, 99% used [0x000000076eb00000,0x000000076f57e1a0,0x000000076f580000)
  to   space 10752K, 0% used [0x0000000772f80000,0x0000000772f80000,0x0000000773a00000)
 ParOldGen       total 77312K, used 10642K [0x00000006c0000000, 0x00000006c4b80000, 0x000000076ab00000)
  object space 77312K, 13% used [0x00000006c0000000,0x00000006c0a648e8,0x00000006c4b80000)
 Metaspace       used 25072K, capacity 25487K, committed 25728K, reserved 1073152K
  class space    used 2515K, capacity 2664K, committed 2688K, reserved 1048576K
GC Heap History (8 events):
Event: 3.624 GC heap before
{Heap before GC invocations=1 (full 0):
 PSYoungGen      total 76288K, used 65536K [0x000000076ab00000, 0x0000000770000000, 0x00000007c0000000)
  eden space 65536K, 100% used [0x000000076ab00000,0x000000076eb00000,0x000000076eb00000)
  from space 10752K, 0% used [0x000000076f580000,0x000000076f580000,0x0000000770000000)
  to   space 10752K, 0% used [0x000000076eb00000,0x000000076eb00000,0x000000076f580000)
 ParOldGen       total 175104K, used 0K [0x00000006c0000000, 0x00000006cab00000, 0x000000076ab00000)
  object space 175104K, 0% used [0x00000006c0000000,0x00000006c0000000,0x00000006cab00000)
 Metaspace       used 20236K, capacity 20627K, committed 20992K, reserved 1069056K
  class space    used 2104K, capacity 2228K, committed 2304K, reserved 1048576K
Event: 3.653 GC heap after
Heap after GC invocations=1 (full 0):
 PSYoungGen      total 76288K, used 9985K [0x000000076ab00000, 0x0000000770000000, 0x00000007c0000000)
  eden space 65536K, 0% used [0x000000076ab00000,0x000000076ab00000,0x000000076eb00000)
  from space 10752K, 92% used [0x000000076eb00000,0x000000076f4c05a0,0x000000076f580000)
  to   space 10752K, 0% used [0x000000076f580000,0x000000076f580000,0x0000000770000000)
 ParOldGen       total 175104K, used 8K [0x00000006c0000000, 0x00000006cab00000, 0x000000076ab00000)
  object space 175104K, 0% used [0x00000006c0000000,0x00000006c0002000,0x00000006cab00000)
 Metaspace       used 20236K, capacity 20627K, committed 20992K, reserved 1069056K
  class space    used 2104K, capacity 2228K, committed 2304K, reserved 1048576K
}
Event: 3.753 GC heap before
{Heap before GC invocations=2 (full 0):
 PSYoungGen      total 76288K, used 16764K [0x000000076ab00000, 0x0000000770000000, 0x00000007c0000000)
  eden space 65536K, 10% used [0x000000076ab00000,0x000000076b19eb40,0x000000076eb00000)
  from space 10752K, 92% used [0x000000076eb00000,0x000000076f4c05a0,0x000000076f580000)
  to   space 10752K, 0% used [0x000000076f580000,0x000000076f580000,0x0000000770000000)
 ParOldGen       total 175104K, used 8K [0x00000006c0000000, 0x00000006cab00000, 0x000000076ab00000)
  object space 175104K, 0% used [0x00000006c0000000,0x00000006c0002000,0x00000006cab00000)
 Metaspace       used 20733K, capacity 21095K, committed 21248K, reserved 1069056K
  class space    used 2162K, capacity 2296K, committed 2304K, reserved 1048576K
Event: 3.772 GC heap after
Heap after GC invocations=2 (full 0):
 PSYoungGen      total 76288K, used 7089K [0x000000076ab00000, 0x0000000774000000, 0x00000007c0000000)
  eden space 65536K, 0% used [0x000000076ab00000,0x000000076ab00000,0x000000076eb00000)
  from space 10752K, 65% used [0x000000076f580000,0x000000076fc6c790,0x0000000770000000)
  to   space 10752K, 0% used [0x000000076eb00000,0x000000076eb00000,0x000000076f580000)
 ParOldGen       total 175104K, used 16K [0x00000006c0000000, 0x00000006cab00000, 0x000000076ab00000)
  object space 175104K, 0% used [0x00000006c0000000,0x00000006c0004000,0x00000006cab00000)
 Metaspace       used 20733K, capacity 21095K, committed 21248K, reserved 1069056K
  class space    used 2162K, capacity 2296K, committed 2304K, reserved 1048576K
}
Event: 3.773 GC heap before
{Heap before GC invocations=3 (full 1):
 PSYoungGen      total 76288K, used 7089K [0x000000076ab00000, 0x0000000774000000, 0x00000007c0000000)
  eden space 65536K, 0% used [0x000000076ab00000,0x000000076ab00000,0x000000076eb00000)
  from space 10752K, 65% used [0x000000076f580000,0x000000076fc6c790,0x0000000770000000)
  to   space 10752K, 0% used [0x000000076eb00000,0x000000076eb00000,0x000000076f580000)
 ParOldGen       total 175104K, used 16K [0x00000006c0000000, 0x00000006cab00000, 0x000000076ab00000)
  object space 175104K, 0% used [0x00000006c0000000,0x00000006c0004000,0x00000006cab00000)
 Metaspace       used 20733K, capacity 21095K, committed 21248K, reserved 1069056K
  class space    used 2162K, capacity 2296K, committed 2304K, reserved 1048576K
Event: 3.797 GC heap after
Heap after GC invocations=3 (full 1):
 PSYoungGen      total 76288K, used 0K [0x000000076ab00000, 0x0000000774000000, 0x00000007c0000000)
  eden space 65536K, 0% used [0x000000076ab00000,0x000000076ab00000,0x000000076eb00000)
  from space 10752K, 0% used [0x000000076f580000,0x000000076f580000,0x0000000770000000)
  to   space 10752K, 0% used [0x000000076eb00000,0x000000076eb00000,0x000000076f580000)
 ParOldGen       total 77312K, used 6887K [0x00000006c0000000, 0x00000006c4b80000, 0x000000076ab00000)
  object space 77312K, 8% used [0x00000006c0000000,0x00000006c06b9fd0,0x00000006c4b80000)
 Metaspace       used 20733K, capacity 21095K, committed 21248K, reserved 1069056K
  class space    used 2162K, capacity 2296K, committed 2304K, reserved 1048576K
}
Event: 8.384 GC heap before
{Heap before GC invocations=4 (full 1):
 PSYoungGen      total 76288K, used 65536K [0x000000076ab00000, 0x0000000774000000, 0x00000007c0000000)
  eden space 65536K, 100% used [0x000000076ab00000,0x000000076eb00000,0x000000076eb00000)
  from space 10752K, 0% used [0x000000076f580000,0x000000076f580000,0x0000000770000000)
  to   space 10752K, 0% used [0x000000076eb00000,0x000000076eb00000,0x000000076f580000)
 ParOldGen       total 77312K, used 6887K [0x00000006c0000000, 0x00000006c4b80000, 0x000000076ab00000)
  object space 77312K, 8% used [0x00000006c0000000,0x00000006c06b9fd0,0x00000006c4b80000)
 Metaspace       used 24702K, capacity 25131K, committed 25472K, reserved 1073152K
  class space    used 2501K, capacity 2630K, committed 2688K, reserved 1048576K
Event: 8.395 GC heap after
Heap after GC invocations=4 (full 1):
 PSYoungGen      total 76288K, used 10744K [0x000000076ab00000, 0x0000000773a00000, 0x00000007c0000000)
  eden space 65536K, 0% used [0x000000076ab00000,0x000000076ab00000,0x000000076eb00000)
  from space 10752K, 99% used [0x000000076eb00000,0x000000076f57e1a0,0x000000076f580000)
  to   space 10752K, 0% used [0x0000000772f80000,0x0000000772f80000,0x0000000773a00000)
 ParOldGen       total 77312K, used 10642K [0x00000006c0000000, 0x00000006c4b80000, 0x000000076ab00000)
  object space 77312K, 13% used [0x00000006c0000000,0x00000006c0a648e8,0x00000006c4b80000)
 Metaspace       used 24702K, capacity 25131K, committed 25472K, reserved 1073152K
  class space    used 2501K, capacity 2630K, committed 2688K, reserved 1048576K
}

