# JRE version: Java(TM) SE Runtime Environment (8.0_202-b08) (build 1.8.0_202-b08)
# Java VM: Java HotSpot(TM) 64-Bit Server VM (25.202-b08 mixed mode bsd-amd64 compressed oops)
Heap:
 PSYoungGen      total 98304K, used 81347K [0x000000076ab00000, 0x0000000774600000, 0x00000007c0000000)
  eden space 95232K, 82% used [0x000000076ab00000,0x000000076f7b8c00,0x0000000770800000)
  from space 3072K, 90% used [0x0000000774300000,0x00000007745b8090,0x0000000774600000)
  to   space 15872K, 0% used [0x0000000772700000,0x0000000772700000,0x0000000773680000)
 ParOldGen       total 92160K, used 21774K [0x00000006c0000000, 0x00000006c5a00000, 0x000000076ab00000)
  object space 92160K, 23% used [0x00000006c0000000,0x00000006c1543b10,0x00000006c5a00000)
 Metaspace       used 25349K, capacity 25775K, committed 25984K, reserved 1073152K
  class space    used 2520K, capacity 2632K, committed 2688K, reserved 1048576K
GC Heap History (10 events):
Event: 34.840 GC heap before
{Heap before GC invocations=7 (full 1):
 PSYoungGen      total 118784K, used 118685K [0x000000076ab00000, 0x0000000776380000, 0x00000007c0000000)
  eden space 108032K, 100% used [0x000000076ab00000,0x0000000771480000,0x0000000771480000)
  from space 10752K, 99% used [0x0000000771480000,0x0000000771ee75b0,0x0000000771f00000)
  to   space 13824K, 0% used [0x0000000775600000,0x0000000775600000,0x0000000776380000)
 ParOldGen       total 92160K, used 10465K [0x00000006c0000000, 0x00000006c5a00000, 0x000000076ab00000)
  object space 92160K, 11% used [0x00000006c0000000,0x00000006c0a38670,0x00000006c5a00000)
 Metaspace       used 25101K, capacity 25537K, committed 25728K, reserved 1073152K
  class space    used 2473K, capacity 2597K, committed 2688K, reserved 1048576K
Event: 34.849 GC heap after
Heap after GC invocations=7 (full 1):
 PSYoungGen      total 116736K, used 11086K [0x000000076ab00000, 0x0000000776100000, 0x00000007c0000000)
  eden space 105472K, 0% used [0x000000076ab00000,0x000000076ab00000,0x0000000771200000)
  from space 11264K, 98% used [0x0000000775600000,0x00000007760d3800,0x0000000776100000)
  to   space 13824K, 0% used [0x0000000774600000,0x0000000774600000,0x0000000775380000)
 ParOldGen       total 92160K, used 10473K [0x00000006c0000000, 0x00000006c5a00000, 0x000000076ab00000)
  object space 92160K, 11% used [0x00000006c0000000,0x00000006c0a3a670,0x00000006c5a00000)
 Metaspace       used 25101K, capacity 25537K, committed 25728K, reserved 1073152K
  class space    used 2473K, capacity 2597K, committed 2688K, reserved 1048576K
}
Event: 42.093 GC heap before
{Heap before GC invocations=8 (full 1):
 PSYoungGen      total 116736K, used 116558K [0x000000076ab00000, 0x0000000776100000, 0x00000007c0000000)
  eden space 105472K, 100% used [0x000000076ab00000,0x0000000771200000,0x0000000771200000)
  from space 11264K, 98% used [0x0000000775600000,0x00000007760d3800,0x0000000776100000)
  to   space 13824K, 0% used [0x0000000774600000,0x0000000774600000,0x0000000775380000)
 ParOldGen       total 92160K, used 10473K [0x00000006c0000000, 0x00000006c5a00000, 0x000000076ab00000)
  object space 92160K, 11% used [0x00000006c0000000,0x00000006c0a3a670,0x00000006c5a00000)
 Metaspace       used 25102K, capacity 25537K, committed 25728K, reserved 1073152K
  class space    used 2473K, capacity 2597K, committed 2688K, reserved 1048576K
Event: 42.105 GC heap after
Heap after GC invocations=8 (full 1):
 PSYoungGen      total 114688K, used 11710K [0x000000076ab00000, 0x0000000775680000, 0x00000007c0000000)
  eden space 102912K, 0% used [0x000000076ab00000,0x000000076ab00000,0x0000000770f80000)
  from space 11776K, 99% used [0x0000000774600000,0x000000077516fa30,0x0000000775180000)
  to   space 5120K, 0% used [0x0000000775180000,0x0000000775180000,0x0000000775680000)
 ParOldGen       total 92160K, used 10473K [0x00000006c0000000, 0x00000006c5a00000, 0x000000076ab00000)
  object space 92160K, 11% used [0x00000006c0000000,0x00000006c0a3a670,0x00000006c5a00000)
 Metaspace       used 25102K, capacity 25537K, committed 25728K, reserved 1073152K
  class space    used 2473K, capacity 2597K, committed 2688K, reserved 1048576K
}
Event: 49.561 GC heap before
{Heap before GC invocations=9 (full 1):
 PSYoungGen      total 114688K, used 114622K [0x000000076ab00000, 0x0000000775680000, 0x00000007c0000000)
  eden space 102912K, 100% used [0x000000076ab00000,0x0000000770f80000,0x0000000770f80000)
  from space 11776K, 99% used [0x0000000774600000,0x000000077516fa30,0x0000000775180000)
  to   space 5120K, 0% used [0x0000000775180000,0x0000000775180000,0x0000000775680000)
 ParOldGen       total 92160K, used 10473K [0x00000006c0000000, 0x00000006c5a00000, 0x000000076ab00000)
  object space 92160K, 11% used [0x00000006c0000000,0x00000006c0a3a670,0x00000006c5a00000)
 Metaspace       used 25103K, capacity 25537K, committed 25728K, reserved 1073152K
  class space    used 2473K, capacity 2597K, committed 2688K, reserved 1048576K
Event: 49.572 GC heap after
Heap after GC invocations=9 (full 1):
 PSYoungGen      total 105472K, used 5117K [0x000000076ab00000, 0x0000000775680000, 0x00000007c0000000)
  eden space 100352K, 0% used [0x000000076ab00000,0x000000076ab00000,0x0000000770d00000)
  from space 5120K, 99% used [0x0000000775180000,0x000000077567f660,0x0000000775680000)
  to   space 13824K, 0% used [0x0000000773b80000,0x0000000773b80000,0x0000000774900000)
 ParOldGen       total 92160K, used 17138K [0x00000006c0000000, 0x00000006c5a00000, 0x000000076ab00000)
  object space 92160K, 18% used [0x00000006c0000000,0x00000006c10bc820,0x00000006c5a00000)
 Metaspace       used 25103K, capacity 25537K, committed 25728K, reserved 1073152K
  class space    used 2473K, capacity 2597K, committed 2688K, reserved 1048576K
}
Event: 55.946 GC heap before
{Heap before GC invocations=10 (full 1):
 PSYoungGen      total 105472K, used 105469K [0x000000076ab00000, 0x0000000775680000, 0x00000007c0000000)
  eden space 100352K, 100% used [0x000000076ab00000,0x0000000770d00000,0x0000000770d00000)
  from space 5120K, 99% used [0x0000000775180000,0x000000077567f660,0x0000000775680000)
  to   space 13824K, 0% used [0x0000000773b80000,0x0000000773b80000,0x0000000774900000)
 ParOldGen       total 92160K, used 17138K [0x00000006c0000000, 0x00000006c5a00000, 0x000000076ab00000)
  object space 92160K, 18% used [0x00000006c0000000,0x00000006c10bc820,0x00000006c5a00000)
 Metaspace       used 25103K, capacity 25537K, committed 25728K, reserved 1073152K
  class space    used 2473K, capacity 2597K, committed 2688K, reserved 1048576K
Event: 55.951 GC heap after
Heap after GC invocations=10 (full 1):
 PSYoungGen      total 100864K, used 2688K [0x000000076ab00000, 0x0000000775200000, 0x00000007c0000000)
  eden space 97792K, 0% used [0x000000076ab00000,0x000000076ab00000,0x0000000770a80000)
  from space 3072K, 87% used [0x0000000773b80000,0x0000000773e20090,0x0000000773e80000)
  to   space 15360K, 0% used [0x0000000774300000,0x0000000774300000,0x0000000775200000)
 ParOldGen       total 92160K, used 21766K [0x00000006c0000000, 0x00000006c5a00000, 0x000000076ab00000)
  object space 92160K, 23% used [0x00000006c0000000,0x00000006c1541b10,0x00000006c5a00000)
 Metaspace       used 25103K, capacity 25537K, committed 25728K, reserved 1073152K
  class space    used 2473K, capacity 2597K, committed 2688K, reserved 1048576K
}
Event: 62.858 GC heap before
{Heap before GC invocations=11 (full 1):
 PSYoungGen      total 100864K, used 100480K [0x000000076ab00000, 0x0000000775200000, 0x00000007c0000000)
  eden space 97792K, 100% used [0x000000076ab00000,0x0000000770a80000,0x0000000770a80000)
  from space 3072K, 87% used [0x0000000773b80000,0x0000000773e20090,0x0000000773e80000)
  to   space 15360K, 0% used [0x0000000774300000,0x0000000774300000,0x0000000775200000)
 ParOldGen       total 92160K, used 21766K [0x00000006c0000000, 0x00000006c5a00000, 0x000000076ab00000)
  object space 92160K, 23% used [0x00000006c0000000,0x00000006c1541b10,0x00000006c5a00000)
 Metaspace       used 25103K, capacity 25537K, committed 25728K, reserved 1073152K
  class space    used 2473K, capacity 2597K, committed 2688K, reserved 1048576K
Event: 62.862 GC heap after
Heap after GC invocations=11 (full 1):
 PSYoungGen      total 98304K, used 2784K [0x000000076ab00000, 0x0000000774600000, 0x00000007c0000000)
  eden space 95232K, 0% used [0x000000076ab00000,0x000000076ab00000,0x0000000770800000)
  from space 3072K, 90% used [0x0000000774300000,0x00000007745b8090,0x0000000774600000)
  to   space 15872K, 0% used [0x0000000772700000,0x0000000772700000,0x0000000773680000)
 ParOldGen       total 92160K, used 21774K [0x00000006c0000000, 0x00000006c5a00000, 0x000000076ab00000)
  object space 92160K, 23% used [0x00000006c0000000,0x00000006c1543b10,0x00000006c5a00000)
 Metaspace       used 25103K, capacity 25537K, committed 25728K, reserved 1073152K
  class space    used 2473K, capacity 2597K, committed 2688K, reserved 1048576K
}

