# JRE version: Java(TM) SE Runtime Environment (8.0_202-b08) (build 1.8.0_202-b08)
# Java VM: Java HotSpot(TM) 64-Bit Server VM (25.202-b08 mixed mode bsd-amd64 compressed oops)
Heap:
 PSYoungGen      total 76288K, used 68087K [0x000000076ab00000, 0x0000000773d80000, 0x00000007c0000000)
  eden space 65536K, 87% used [0x000000076ab00000,0x000000076e301b98,0x000000076eb00000)
  from space 10752K, 99% used [0x000000076eb00000,0x000000076f57c080,0x000000076f580000)
  to   space 10752K, 0% used [0x0000000773300000,0x0000000773300000,0x0000000773d80000)
 ParOldGen       total 92672K, used 20113K [0x00000006c0000000, 0x00000006c5a80000, 0x000000076ab00000)
  object space 92672K, 21% used [0x00000006c0000000,0x00000006c13a46d0,0x00000006c5a80000)
 Metaspace       used 27443K, capacity 27817K, committed 28160K, reserved 1075200K
  class space    used 2182K, capacity 2276K, committed 2304K, reserved 1048576K
GC Heap History (8 events):
Event: 8.668 GC heap before
{Heap before GC invocations=1 (full 0):
 PSYoungGen      total 76288K, used 65489K [0x000000076ab00000, 0x0000000770000000, 0x00000007c0000000)
  eden space 65536K, 99% used [0x000000076ab00000,0x000000076eaf46f0,0x000000076eb00000)
  from space 10752K, 0% used [0x000000076f580000,0x000000076f580000,0x0000000770000000)
  to   space 10752K, 0% used [0x000000076eb00000,0x000000076eb00000,0x000000076f580000)
 ParOldGen       total 175104K, used 0K [0x00000006c0000000, 0x00000006cab00000, 0x000000076ab00000)
  object space 175104K, 0% used [0x00000006c0000000,0x00000006c0000000,0x00000006cab00000)
 Metaspace       used 19507K, capacity 19795K, committed 20096K, reserved 1067008K
  class space    used 1998K, capacity 2112K, committed 2176K, reserved 1048576K
Event: 8.705 GC heap after
Heap after GC invocations=1 (full 0):
 PSYoungGen      total 76288K, used 10743K [0x000000076ab00000, 0x0000000770000000, 0x00000007c0000000)
  eden space 65536K, 0% used [0x000000076ab00000,0x000000076ab00000,0x000000076eb00000)
  from space 10752K, 99% used [0x000000076eb00000,0x000000076f57dd20,0x000000076f580000)
  to   space 10752K, 0% used [0x000000076f580000,0x000000076f580000,0x0000000770000000)
 ParOldGen       total 175104K, used 3870K [0x00000006c0000000, 0x00000006cab00000, 0x000000076ab00000)
  object space 175104K, 2% used [0x00000006c0000000,0x00000006c03c78f0,0x00000006cab00000)
 Metaspace       used 19507K, capacity 19795K, committed 20096K, reserved 1067008K
  class space    used 1998K, capacity 2112K, committed 2176K, reserved 1048576K
}
Event: 8.772 GC heap before
{Heap before GC invocations=2 (full 0):
 PSYoungGen      total 76288K, used 29589K [0x000000076ab00000, 0x0000000770000000, 0x00000007c0000000)
  eden space 65536K, 28% used [0x000000076ab00000,0x000000076bd67738,0x000000076eb00000)
  from space 10752K, 99% used [0x000000076eb00000,0x000000076f57dd20,0x000000076f580000)
  to   space 10752K, 0% used [0x000000076f580000,0x000000076f580000,0x0000000770000000)
 ParOldGen       total 175104K, used 3870K [0x00000006c0000000, 0x00000006cab00000, 0x000000076ab00000)
  object space 175104K, 2% used [0x00000006c0000000,0x00000006c03c78f0,0x00000006cab00000)
 Metaspace       used 20786K, capacity 21096K, committed 21296K, reserved 1069056K
  class space    used 2003K, capacity 2112K, committed 2176K, reserved 1048576K
Event: 8.785 GC heap after
Heap after GC invocations=2 (full 0):
 PSYoungGen      total 76288K, used 10722K [0x000000076ab00000, 0x0000000774000000, 0x00000007c0000000)
  eden space 65536K, 0% used [0x000000076ab00000,0x000000076ab00000,0x000000076eb00000)
  from space 10752K, 99% used [0x000000076f580000,0x000000076fff8b90,0x0000000770000000)
  to   space 10752K, 0% used [0x000000076eb00000,0x000000076eb00000,0x000000076f580000)
 ParOldGen       total 175104K, used 9397K [0x00000006c0000000, 0x00000006cab00000, 0x000000076ab00000)
  object space 175104K, 5% used [0x00000006c0000000,0x00000006c092d4b8,0x00000006cab00000)
 Metaspace       used 20786K, capacity 21096K, committed 21296K, reserved 1069056K
  class space    used 2003K, capacity 2112K, committed 2176K, reserved 1048576K
}
Event: 8.785 GC heap before
{Heap before GC invocations=3 (full 1):
 PSYoungGen      total 76288K, used 10722K [0x000000076ab00000, 0x0000000774000000, 0x00000007c0000000)
  eden space 65536K, 0% used [0x000000076ab00000,0x000000076ab00000,0x000000076eb00000)
  from space 10752K, 99% used [0x000000076f580000,0x000000076fff8b90,0x0000000770000000)
  to   space 10752K, 0% used [0x000000076eb00000,0x000000076eb00000,0x000000076f580000)
 ParOldGen       total 175104K, used 9397K [0x00000006c0000000, 0x00000006cab00000, 0x000000076ab00000)
  object space 175104K, 5% used [0x00000006c0000000,0x00000006c092d4b8,0x00000006cab00000)
 Metaspace       used 20786K, capacity 21096K, committed 21296K, reserved 1069056K
  class space    used 2003K, capacity 2112K, committed 2176K, reserved 1048576K
Event: 8.807 GC heap after
Heap after GC invocations=3 (full 1):
 PSYoungGen      total 76288K, used 0K [0x000000076ab00000, 0x0000000774000000, 0x00000007c0000000)
  eden space 65536K, 0% used [0x000000076ab00000,0x000000076ab00000,0x000000076eb00000)
  from space 10752K, 0% used [0x000000076f580000,0x000000076f580000,0x0000000770000000)
  to   space 10752K, 0% used [0x000000076eb00000,0x000000076eb00000,0x000000076f580000)
 ParOldGen       total 92672K, used 18874K [0x00000006c0000000, 0x00000006c5a80000, 0x000000076ab00000)
  object space 92672K, 20% used [0x00000006c0000000,0x00000006c126ea18,0x00000006c5a80000)
 Metaspace       used 20786K, capacity 21096K, committed 21296K, reserved 1069056K
  class space    used 2003K, capacity 2112K, committed 2176K, reserved 1048576K
}
Event: 14.098 GC heap before
{Heap before GC invocations=4 (full 1):
 PSYoungGen      total 76288K, used 65536K [0x000000076ab00000, 0x0000000774000000, 0x00000007c0000000)
  eden space 65536K, 100% used [0x000000076ab00000,0x000000076eb00000,0x000000076eb00000)
  from space 10752K, 0% used [0x000000076f580000,0x000000076f580000,0x0000000770000000)
  to   space 10752K, 0% used [0x000000076eb00000,0x000000076eb00000,0x000000076f580000)
 ParOldGen       total 92672K, used 18874K [0x00000006c0000000, 0x00000006c5a80000, 0x000000076ab00000)
  object space 92672K, 20% used [0x00000006c0000000,0x00000006c126ea18,0x00000006c5a80000)
 Metaspace       used 27183K, capacity 27487K, committed 27648K, reserved 1075200K
  class space    used 2160K, capacity 2273K, committed 2304K, reserved 1048576K
Event: 14.118 GC heap after
Heap after GC invocations=4 (full 1):
 PSYoungGen      total 76288K, used 10736K [0x000000076ab00000, 0x0000000773d80000, 0x00000007c0000000)
  eden space 65536K, 0% used [0x000000076ab00000,0x000000076ab00000,0x000000076eb00000)
  from space 10752K, 99% used [0x000000076eb00000,0x000000076f57c080,0x000000076f580000)
  to   space 10752K, 0% used [0x0000000773300000,0x0000000773300000,0x0000000773d80000)
 ParOldGen       total 92672K, used 20113K [0x00000006c0000000, 0x00000006c5a80000, 0x000000076ab00000)
  object space 92672K, 21% used [0x00000006c0000000,0x00000006c13a46d0,0x00000006c5a80000)
 Metaspace       used 27183K, capacity 27487K, committed 27648K, reserved 1075200K
  class space    used 2160K, capacity 2273K, committed 2304K, reserved 1048576K
}

