# JRE version: Java(TM) SE Runtime Environment (8.0_202-b08) (build 1.8.0_202-b08)
# Java VM: Java HotSpot(TM) 64-Bit Server VM (25.202-b08 mixed mode bsd-amd64 compressed oops)
Heap:
 PSYoungGen      total 563712K, used 367651K [0x000000076ab00000, 0x000000078fa00000, 0x00000007c0000000)
  eden space 523776K, 69% used [0x000000076ab00000,0x0000000781010d68,0x000000078aa80000)
  from space 39936K, 5% used [0x000000078d200000,0x000000078d3f8070,0x000000078f900000)
  to   space 40448K, 0% used [0x000000078aa80000,0x000000078aa80000,0x000000078d200000)
 ParOldGen       total 175104K, used 63879K [0x00000006c0000000, 0x00000006cab00000, 0x000000076ab00000)
  object space 175104K, 36% used [0x00000006c0000000,0x00000006c3e61cb0,0x00000006cab00000)
 Metaspace       used 19401K, capacity 19841K, committed 20096K, reserved 1067008K
  class space    used 1958K, capacity 2097K, committed 2176K, reserved 1048576K
GC Heap History (10 events):
Event: 6.785 GC heap before
{Heap before GC invocations=4 (full 0):
 PSYoungGen      total 76288K, used 76271K [0x000000076ab00000, 0x0000000774000000, 0x00000007c0000000)
  eden space 65536K, 100% used [0x000000076ab00000,0x000000076eb00000,0x000000076eb00000)
  from space 10752K, 99% used [0x000000076eb00000,0x000000076f57bfe0,0x000000076f580000)
  to   space 10752K, 0% used [0x0000000773580000,0x0000000773580000,0x0000000774000000)
 ParOldGen       total 175104K, used 46683K [0x00000006c0000000, 0x00000006cab00000, 0x000000076ab00000)
  object space 175104K, 26% used [0x00000006c0000000,0x00000006c2d96d70,0x00000006cab00000)
 Metaspace       used 19089K, capacity 19415K, committed 19840K, reserved 1067008K
  class space    used 1945K, capacity 2062K, committed 2176K, reserved 1048576K
Event: 6.805 GC heap after
Heap after GC invocations=4 (full 0):
 PSYoungGen      total 141824K, used 10742K [0x000000076ab00000, 0x0000000774000000, 0x00000007c0000000)
  eden space 131072K, 0% used [0x000000076ab00000,0x000000076ab00000,0x0000000772b00000)
  from space 10752K, 99% used [0x0000000773580000,0x0000000773ffd950,0x0000000774000000)
  to   space 10752K, 0% used [0x0000000772b00000,0x0000000772b00000,0x0000000773580000)
 ParOldGen       total 175104K, used 51125K [0x00000006c0000000, 0x00000006cab00000, 0x000000076ab00000)
  object space 175104K, 29% used [0x00000006c0000000,0x00000006c31ed5d0,0x00000006cab00000)
 Metaspace       used 19089K, capacity 19415K, committed 19840K, reserved 1067008K
  class space    used 1945K, capacity 2062K, committed 2176K, reserved 1048576K
}
Event: 8.375 GC heap before
{Heap before GC invocations=5 (full 0):
 PSYoungGen      total 141824K, used 141814K [0x000000076ab00000, 0x0000000774000000, 0x00000007c0000000)
  eden space 131072K, 100% used [0x000000076ab00000,0x0000000772b00000,0x0000000772b00000)
  from space 10752K, 99% used [0x0000000773580000,0x0000000773ffd950,0x0000000774000000)
  to   space 10752K, 0% used [0x0000000772b00000,0x0000000772b00000,0x0000000773580000)
 ParOldGen       total 175104K, used 51125K [0x00000006c0000000, 0x00000006cab00000, 0x000000076ab00000)
  object space 175104K, 29% used [0x00000006c0000000,0x00000006c31ed5d0,0x00000006cab00000)
 Metaspace       used 19206K, capacity 19543K, committed 19840K, reserved 1067008K
  class space    used 1946K, capacity 2062K, committed 2176K, reserved 1048576K
Event: 8.392 GC heap after
Heap after GC invocations=5 (full 0):
 PSYoungGen      total 141824K, used 10742K [0x000000076ab00000, 0x000000077fb00000, 0x00000007c0000000)
  eden space 131072K, 0% used [0x000000076ab00000,0x000000076ab00000,0x0000000772b00000)
  from space 10752K, 99% used [0x0000000772b00000,0x000000077357d980,0x0000000773580000)
  to   space 40960K, 0% used [0x000000077d300000,0x000000077d300000,0x000000077fb00000)
 ParOldGen       total 175104K, used 54385K [0x00000006c0000000, 0x00000006cab00000, 0x000000076ab00000)
  object space 175104K, 31% used [0x00000006c0000000,0x00000006c351c568,0x00000006cab00000)
 Metaspace       used 19206K, capacity 19543K, committed 19840K, reserved 1067008K
  class space    used 1946K, capacity 2062K, committed 2176K, reserved 1048576K
}
Event: 10.067 GC heap before
{Heap before GC invocations=6 (full 0):
 PSYoungGen      total 141824K, used 141814K [0x000000076ab00000, 0x000000077fb00000, 0x00000007c0000000)
  eden space 131072K, 100% used [0x000000076ab00000,0x0000000772b00000,0x0000000772b00000)
  from space 10752K, 99% used [0x0000000772b00000,0x000000077357d980,0x0000000773580000)
  to   space 40960K, 0% used [0x000000077d300000,0x000000077d300000,0x000000077fb00000)
 ParOldGen       total 175104K, used 54385K [0x00000006c0000000, 0x00000006cab00000, 0x000000076ab00000)
  object space 175104K, 31% used [0x00000006c0000000,0x00000006c351c568,0x00000006cab00000)
 Metaspace       used 19269K, capacity 19677K, committed 20096K, reserved 1067008K
  class space    used 1946K, capacity 2063K, committed 2176K, reserved 1048576K
Event: 10.087 GC heap after
Heap after GC invocations=6 (full 0):
 PSYoungGen      total 302080K, used 11414K [0x000000076ab00000, 0x000000077fa00000, 0x00000007c0000000)
  eden space 262144K, 0% used [0x000000076ab00000,0x000000076ab00000,0x000000077ab00000)
  from space 39936K, 28% used [0x000000077d300000,0x000000077de25980,0x000000077fa00000)
  to   space 40448K, 0% used [0x000000077ab00000,0x000000077ab00000,0x000000077d280000)
 ParOldGen       total 175104K, used 54385K [0x00000006c0000000, 0x00000006cab00000, 0x000000076ab00000)
  object space 175104K, 31% used [0x00000006c0000000,0x00000006c351c568,0x00000006cab00000)
 Metaspace       used 19269K, capacity 19677K, committed 20096K, reserved 1067008K
  class space    used 1946K, capacity 2063K, committed 2176K, reserved 1048576K
}
Event: 13.206 GC heap before
{Heap before GC invocations=7 (full 0):
 PSYoungGen      total 302080K, used 273558K [0x000000076ab00000, 0x000000077fa00000, 0x00000007c0000000)
  eden space 262144K, 100% used [0x000000076ab00000,0x000000077ab00000,0x000000077ab00000)
  from space 39936K, 28% used [0x000000077d300000,0x000000077de25980,0x000000077fa00000)
  to   space 40448K, 0% used [0x000000077ab00000,0x000000077ab00000,0x000000077d280000)
 ParOldGen       total 175104K, used 54385K [0x00000006c0000000, 0x00000006cab00000, 0x000000076ab00000)
  object space 175104K, 31% used [0x00000006c0000000,0x00000006c351c568,0x00000006cab00000)
 Metaspace       used 19304K, capacity 19677K, committed 20096K, reserved 1067008K
  class space    used 1946K, capacity 2063K, committed 2176K, reserved 1048576K
Event: 13.222 GC heap after
Heap after GC invocations=7 (full 0):
 PSYoungGen      total 302592K, used 9734K [0x000000076ab00000, 0x000000078f900000, 0x00000007c0000000)
  eden space 262144K, 0% used [0x000000076ab00000,0x000000076ab00000,0x000000077ab00000)
  from space 40448K, 24% used [0x000000077ab00000,0x000000077b481950,0x000000077d280000)
  to   space 39936K, 0% used [0x000000078d200000,0x000000078d200000,0x000000078f900000)
 ParOldGen       total 175104K, used 56112K [0x00000006c0000000, 0x00000006cab00000, 0x000000076ab00000)
  object space 175104K, 32% used [0x00000006c0000000,0x00000006c36cc3d0,0x00000006cab00000)
 Metaspace       used 19304K, capacity 19677K, committed 20096K, reserved 1067008K
  class space    used 1946K, capacity 2063K, committed 2176K, reserved 1048576K
}
Event: 16.461 GC heap before
{Heap before GC invocations=8 (full 0):
 PSYoungGen      total 302592K, used 271878K [0x000000076ab00000, 0x000000078f900000, 0x00000007c0000000)
  eden space 262144K, 100% used [0x000000076ab00000,0x000000077ab00000,0x000000077ab00000)
  from space 40448K, 24% used [0x000000077ab00000,0x000000077b481950,0x000000077d280000)
  to   space 39936K, 0% used [0x000000078d200000,0x000000078d200000,0x000000078f900000)
 ParOldGen       total 175104K, used 56112K [0x00000006c0000000, 0x00000006cab00000, 0x000000076ab00000)
  object space 175104K, 32% used [0x00000006c0000000,0x00000006c36cc3d0,0x00000006cab00000)
 Metaspace       used 19318K, capacity 19677K, committed 20096K, reserved 1067008K
  class space    used 1946K, capacity 2063K, committed 2176K, reserved 1048576K
Event: 16.465 GC heap after
Heap after GC invocations=8 (full 0):
 PSYoungGen      total 563712K, used 2016K [0x000000076ab00000, 0x000000078fa00000, 0x00000007c0000000)
  eden space 523776K, 0% used [0x000000076ab00000,0x000000076ab00000,0x000000078aa80000)
  from space 39936K, 5% used [0x000000078d200000,0x000000078d3f8070,0x000000078f900000)
  to   space 40448K, 0% used [0x000000078aa80000,0x000000078aa80000,0x000000078d200000)
 ParOldGen       total 175104K, used 63879K [0x00000006c0000000, 0x00000006cab00000, 0x000000076ab00000)
  object space 175104K, 36% used [0x00000006c0000000,0x00000006c3e61cb0,0x00000006cab00000)
 Metaspace       used 19318K, capacity 19677K, committed 20096K, reserved 1067008K
  class space    used 1946K, capacity 2063K, committed 2176K, reserved 1048576K
}

