# JRE version: Java(TM) SE Runtime Environment (8.0_202-b08) (build 1.8.0_202-b08)
# Java VM: Java HotSpot(TM) 64-Bit Server VM (25.202-b08 mixed mode bsd-amd64 compressed oops)
Heap:
 PSYoungGen      total 294400K, used 165282K [0x000000076ab00000, 0x000000077ec00000, 0x00000007c0000000)
  eden space 262144K, 58% used [0x000000076ab00000,0x00000007741ebd70,0x000000077ab00000)
  from space 32256K, 33% used [0x000000077cc80000,0x000000077d6fcc10,0x000000077ec00000)
  to   space 33280K, 0% used [0x000000077ab00000,0x000000077ab00000,0x000000077cb80000)
 ParOldGen       total 175104K, used 36166K [0x00000006c0000000, 0x00000006cab00000, 0x000000076ab00000)
  object space 175104K, 20% used [0x00000006c0000000,0x00000006c2351a08,0x00000006cab00000)
 Metaspace       used 19733K, capacity 20137K, committed 20352K, reserved 1067008K
  class space    used 1951K, capacity 2069K, committed 2176K, reserved 1048576K
GC Heap History (10 events):
Event: 3.923 GC heap before
{Heap before GC invocations=2 (full 0):
 PSYoungGen      total 76288K, used 76258K [0x000000076ab00000, 0x0000000770000000, 0x00000007c0000000)
  eden space 65536K, 100% used [0x000000076ab00000,0x000000076eb00000,0x000000076eb00000)
  from space 10752K, 99% used [0x000000076eb00000,0x000000076f5789d8,0x000000076f580000)
  to   space 10752K, 0% used [0x000000076f580000,0x000000076f580000,0x0000000770000000)
 ParOldGen       total 175104K, used 2157K [0x00000006c0000000, 0x00000006cab00000, 0x000000076ab00000)
  object space 175104K, 1% used [0x00000006c0000000,0x00000006c021b680,0x00000006cab00000)
 Metaspace       used 18022K, capacity 18309K, committed 18432K, reserved 1064960K
  class space    used 1856K, capacity 1955K, committed 2048K, reserved 1048576K
Event: 3.952 GC heap after
Heap after GC invocations=2 (full 0):
 PSYoungGen      total 76288K, used 10746K [0x000000076ab00000, 0x0000000774000000, 0x00000007c0000000)
  eden space 65536K, 0% used [0x000000076ab00000,0x000000076ab00000,0x000000076eb00000)
  from space 10752K, 99% used [0x000000076f580000,0x000000076fffebe0,0x0000000770000000)
  to   space 10752K, 0% used [0x000000076eb00000,0x000000076eb00000,0x000000076f580000)
 ParOldGen       total 175104K, used 23658K [0x00000006c0000000, 0x00000006cab00000, 0x000000076ab00000)
  object space 175104K, 13% used [0x00000006c0000000,0x00000006c171a9c0,0x00000006cab00000)
 Metaspace       used 18022K, capacity 18309K, committed 18432K, reserved 1064960K
  class space    used 1856K, capacity 1955K, committed 2048K, reserved 1048576K
}
Event: 4.426 GC heap before
{Heap before GC invocations=3 (full 0):
 PSYoungGen      total 76288K, used 74662K [0x000000076ab00000, 0x0000000774000000, 0x00000007c0000000)
  eden space 65536K, 97% used [0x000000076ab00000,0x000000076e96b000,0x000000076eb00000)
  from space 10752K, 99% used [0x000000076f580000,0x000000076fffebe0,0x0000000770000000)
  to   space 10752K, 0% used [0x000000076eb00000,0x000000076eb00000,0x000000076f580000)
 ParOldGen       total 175104K, used 23658K [0x00000006c0000000, 0x00000006cab00000, 0x000000076ab00000)
  object space 175104K, 13% used [0x00000006c0000000,0x00000006c171a9c0,0x00000006cab00000)
 Metaspace       used 18068K, capacity 18437K, committed 18688K, reserved 1067008K
  class space    used 1858K, capacity 1955K, committed 2048K, reserved 1048576K
Event: 4.442 GC heap after
Heap after GC invocations=3 (full 0):
 PSYoungGen      total 76288K, used 10628K [0x000000076ab00000, 0x0000000774000000, 0x00000007c0000000)
  eden space 65536K, 0% used [0x000000076ab00000,0x000000076ab00000,0x000000076eb00000)
  from space 10752K, 98% used [0x000000076eb00000,0x000000076f561198,0x000000076f580000)
  to   space 10752K, 0% used [0x0000000773580000,0x0000000773580000,0x0000000774000000)
 ParOldGen       total 175104K, used 23666K [0x00000006c0000000, 0x00000006cab00000, 0x000000076ab00000)
  object space 175104K, 13% used [0x00000006c0000000,0x00000006c171c9c0,0x00000006cab00000)
 Metaspace       used 18068K, capacity 18437K, committed 18688K, reserved 1067008K
  class space    used 1858K, capacity 1955K, committed 2048K, reserved 1048576K
}
Event: 6.726 GC heap before
{Heap before GC invocations=4 (full 0):
 PSYoungGen      total 76288K, used 76164K [0x000000076ab00000, 0x0000000774000000, 0x00000007c0000000)
  eden space 65536K, 100% used [0x000000076ab00000,0x000000076eb00000,0x000000076eb00000)
  from space 10752K, 98% used [0x000000076eb00000,0x000000076f561198,0x000000076f580000)
  to   space 10752K, 0% used [0x0000000773580000,0x0000000773580000,0x0000000774000000)
 ParOldGen       total 175104K, used 23666K [0x00000006c0000000, 0x00000006cab00000, 0x000000076ab00000)
  object space 175104K, 13% used [0x00000006c0000000,0x00000006c171c9c0,0x00000006cab00000)
 Metaspace       used 19187K, capacity 19557K, committed 19840K, reserved 1067008K
  class space    used 1939K, capacity 2067K, committed 2176K, reserved 1048576K
Event: 6.751 GC heap after
Heap after GC invocations=4 (full 0):
 PSYoungGen      total 141824K, used 10738K [0x000000076ab00000, 0x0000000774000000, 0x00000007c0000000)
  eden space 131072K, 0% used [0x000000076ab00000,0x000000076ab00000,0x0000000772b00000)
  from space 10752K, 99% used [0x0000000773580000,0x0000000773ffcbe0,0x0000000774000000)
  to   space 10752K, 0% used [0x0000000772b00000,0x0000000772b00000,0x0000000773580000)
 ParOldGen       total 175104K, used 35134K [0x00000006c0000000, 0x00000006cab00000, 0x000000076ab00000)
  object space 175104K, 20% used [0x00000006c0000000,0x00000006c224f9f8,0x00000006cab00000)
 Metaspace       used 19187K, capacity 19557K, committed 19840K, reserved 1067008K
  class space    used 1939K, capacity 2067K, committed 2176K, reserved 1048576K
}
Event: 15.514 GC heap before
{Heap before GC invocations=5 (full 0):
 PSYoungGen      total 141824K, used 141810K [0x000000076ab00000, 0x0000000774000000, 0x00000007c0000000)
  eden space 131072K, 100% used [0x000000076ab00000,0x0000000772b00000,0x0000000772b00000)
  from space 10752K, 99% used [0x0000000773580000,0x0000000773ffcbe0,0x0000000774000000)
  to   space 10752K, 0% used [0x0000000772b00000,0x0000000772b00000,0x0000000773580000)
 ParOldGen       total 175104K, used 35134K [0x00000006c0000000, 0x00000006cab00000, 0x000000076ab00000)
  object space 175104K, 20% used [0x00000006c0000000,0x00000006c224f9f8,0x00000006cab00000)
 Metaspace       used 19398K, capacity 19749K, committed 20096K, reserved 1067008K
  class space    used 1939K, capacity 2067K, committed 2176K, reserved 1048576K
Event: 15.535 GC heap after
Heap after GC invocations=5 (full 0):
 PSYoungGen      total 141824K, used 10723K [0x000000076ab00000, 0x000000077ee00000, 0x00000007c0000000)
  eden space 131072K, 0% used [0x000000076ab00000,0x000000076ab00000,0x0000000772b00000)
  from space 10752K, 99% used [0x0000000772b00000,0x0000000773578c00,0x0000000773580000)
  to   space 34304K, 0% used [0x000000077cc80000,0x000000077cc80000,0x000000077ee00000)
 ParOldGen       total 175104K, used 36166K [0x00000006c0000000, 0x00000006cab00000, 0x000000076ab00000)
  object space 175104K, 20% used [0x00000006c0000000,0x00000006c2351a08,0x00000006cab00000)
 Metaspace       used 19398K, capacity 19749K, committed 20096K, reserved 1067008K
  class space    used 1939K, capacity 2067K, committed 2176K, reserved 1048576K
}
Event: 25.095 GC heap before
{Heap before GC invocations=6 (full 0):
 PSYoungGen      total 141824K, used 141795K [0x000000076ab00000, 0x000000077ee00000, 0x00000007c0000000)
  eden space 131072K, 100% used [0x000000076ab00000,0x0000000772b00000,0x0000000772b00000)
  from space 10752K, 99% used [0x0000000772b00000,0x0000000773578c00,0x0000000773580000)
  to   space 34304K, 0% used [0x000000077cc80000,0x000000077cc80000,0x000000077ee00000)
 ParOldGen       total 175104K, used 36166K [0x00000006c0000000, 0x00000006cab00000, 0x000000076ab00000)
  object space 175104K, 20% used [0x00000006c0000000,0x00000006c2351a08,0x00000006cab00000)
 Metaspace       used 19651K, capacity 20005K, committed 20352K, reserved 1067008K
  class space    used 1939K, capacity 2067K, committed 2176K, reserved 1048576K
Event: 25.147 GC heap after
Heap after GC invocations=6 (full 0):
 PSYoungGen      total 294400K, used 10739K [0x000000076ab00000, 0x000000077ec00000, 0x00000007c0000000)
  eden space 262144K, 0% used [0x000000076ab00000,0x000000076ab00000,0x000000077ab00000)
  from space 32256K, 33% used [0x000000077cc80000,0x000000077d6fcc10,0x000000077ec00000)
  to   space 33280K, 0% used [0x000000077ab00000,0x000000077ab00000,0x000000077cb80000)
 ParOldGen       total 175104K, used 36166K [0x00000006c0000000, 0x00000006cab00000, 0x000000076ab00000)
  object space 175104K, 20% used [0x00000006c0000000,0x00000006c2351a08,0x00000006cab00000)
 Metaspace       used 19651K, capacity 20005K, committed 20352K, reserved 1067008K
  class space    used 1939K, capacity 2067K, committed 2176K, reserved 1048576K
}

